<?xml version="1.0" encoding="UTF-8"?>
<testsuite xmlns:xsi="http://www.w3.org/2001/XMLSchema-instance" xsi:noNamespaceSchemaLocation="https://maven.apache.org/surefire/maven-surefire-plugin/xsd/surefire-test-report-3.0.xsd" version="3.0" name="com.hr.management.controller.CustomerControllerTest" time="5.633" tests="10" errors="0" skipped="0" failures="0">
  <properties>
    <property name="java.specification.version" value="17"/>
    <property name="sun.jnu.encoding" value="UTF-8"/>
    <property name="java.class.path" value="/Users/rosfranlinsborges/dev/customers-api/target/test-classes:/Users/rosfranlinsborges/dev/customers-api/target/classes:/Users/rosfranlinsborges/.m2/repository/org/springframework/boot/spring-boot-starter-data-jpa/3.1.0/spring-boot-starter-data-jpa-3.1.0.jar:/Users/rosfranlinsborges/.m2/repository/org/springframework/boot/spring-boot-starter-aop/3.1.0/spring-boot-starter-aop-3.1.0.jar:/Users/rosfranlinsborges/.m2/repository/org/aspectj/aspectjweaver/1.9.19/aspectjweaver-1.9.19.jar:/Users/rosfranlinsborges/.m2/repository/org/springframework/boot/spring-boot-starter-jdbc/3.1.0/spring-boot-starter-jdbc-3.1.0.jar:/Users/rosfranlinsborges/.m2/repository/com/zaxxer/HikariCP/5.0.1/HikariCP-5.0.1.jar:/Users/rosfranlinsborges/.m2/repository/org/springframework/spring-jdbc/6.0.9/spring-jdbc-6.0.9.jar:/Users/rosfranlinsborges/.m2/repository/org/hibernate/orm/hibernate-core/6.2.2.Final/hibernate-core-6.2.2.Final.jar:/Users/rosfranlinsborges/.m2/repository/jakarta/persistence/jakarta.persistence-api/3.1.0/jakarta.persistence-api-3.1.0.jar:/Users/rosfranlinsborges/.m2/repository/jakarta/transaction/jakarta.transaction-api/2.0.1/jakarta.transaction-api-2.0.1.jar:/Users/rosfranlinsborges/.m2/repository/org/jboss/logging/jboss-logging/3.5.0.Final/jboss-logging-3.5.0.Final.jar:/Users/rosfranlinsborges/.m2/repository/org/hibernate/common/hibernate-commons-annotations/6.0.6.Final/hibernate-commons-annotations-6.0.6.Final.jar:/Users/rosfranlinsborges/.m2/repository/io/smallrye/jandex/3.0.5/jandex-3.0.5.jar:/Users/rosfranlinsborges/.m2/repository/com/fasterxml/classmate/1.5.1/classmate-1.5.1.jar:/Users/rosfranlinsborges/.m2/repository/net/bytebuddy/byte-buddy/1.14.4/byte-buddy-1.14.4.jar:/Users/rosfranlinsborges/.m2/repository/org/glassfish/jaxb/jaxb-runtime/4.0.2/jaxb-runtime-4.0.2.jar:/Users/rosfranlinsborges/.m2/repository/org/glassfish/jaxb/jaxb-core/4.0.2/jaxb-core-4.0.2.jar:/Users/rosfranlinsborges/.m2/repository/org/eclipse/angus/angus-activation/2.0.0/angus-activation-2.0.0.jar:/Users/rosfranlinsborges/.m2/repository/org/glassfish/jaxb/txw2/4.0.2/txw2-4.0.2.jar:/Users/rosfranlinsborges/.m2/repository/com/sun/istack/istack-commons-runtime/4.1.1/istack-commons-runtime-4.1.1.jar:/Users/rosfranlinsborges/.m2/repository/jakarta/inject/jakarta.inject-api/2.0.1/jakarta.inject-api-2.0.1.jar:/Users/rosfranlinsborges/.m2/repository/org/antlr/antlr4-runtime/4.10.1/antlr4-runtime-4.10.1.jar:/Users/rosfranlinsborges/.m2/repository/org/springframework/data/spring-data-jpa/3.1.0/spring-data-jpa-3.1.0.jar:/Users/rosfranlinsborges/.m2/repository/org/springframework/data/spring-data-commons/3.1.0/spring-data-commons-3.1.0.jar:/Users/rosfranlinsborges/.m2/repository/org/springframework/spring-orm/6.0.9/spring-orm-6.0.9.jar:/Users/rosfranlinsborges/.m2/repository/org/springframework/spring-context/6.0.9/spring-context-6.0.9.jar:/Users/rosfranlinsborges/.m2/repository/org/springframework/spring-tx/6.0.9/spring-tx-6.0.9.jar:/Users/rosfranlinsborges/.m2/repository/org/springframework/spring-beans/6.0.9/spring-beans-6.0.9.jar:/Users/rosfranlinsborges/.m2/repository/jakarta/annotation/jakarta.annotation-api/2.1.1/jakarta.annotation-api-2.1.1.jar:/Users/rosfranlinsborges/.m2/repository/org/slf4j/slf4j-api/2.0.7/slf4j-api-2.0.7.jar:/Users/rosfranlinsborges/.m2/repository/org/springframework/spring-aspects/6.0.9/spring-aspects-6.0.9.jar:/Users/rosfranlinsborges/.m2/repository/org/springframework/boot/spring-boot-starter-web/3.1.0/spring-boot-starter-web-3.1.0.jar:/Users/rosfranlinsborges/.m2/repository/org/springframework/boot/spring-boot-starter/3.1.0/spring-boot-starter-3.1.0.jar:/Users/rosfranlinsborges/.m2/repository/org/springframework/boot/spring-boot-starter-logging/3.1.0/spring-boot-starter-logging-3.1.0.jar:/Users/rosfranlinsborges/.m2/repository/ch/qos/logback/logback-classic/1.4.7/logback-classic-1.4.7.jar:/Users/rosfranlinsborges/.m2/repository/ch/qos/logback/logback-core/1.4.7/logback-core-1.4.7.jar:/Users/rosfranlinsborges/.m2/repository/org/apache/logging/log4j/log4j-to-slf4j/2.20.0/log4j-to-slf4j-2.20.0.jar:/Users/rosfranlinsborges/.m2/repository/org/apache/logging/log4j/log4j-api/2.20.0/log4j-api-2.20.0.jar:/Users/rosfranlinsborges/.m2/repository/org/slf4j/jul-to-slf4j/2.0.7/jul-to-slf4j-2.0.7.jar:/Users/rosfranlinsborges/.m2/repository/org/yaml/snakeyaml/1.33/snakeyaml-1.33.jar:/Users/rosfranlinsborges/.m2/repository/org/springframework/boot/spring-boot-starter-json/3.1.0/spring-boot-starter-json-3.1.0.jar:/Users/rosfranlinsborges/.m2/repository/com/fasterxml/jackson/datatype/jackson-datatype-jdk8/2.15.0/jackson-datatype-jdk8-2.15.0.jar:/Users/rosfranlinsborges/.m2/repository/com/fasterxml/jackson/datatype/jackson-datatype-jsr310/2.15.0/jackson-datatype-jsr310-2.15.0.jar:/Users/rosfranlinsborges/.m2/repository/com/fasterxml/jackson/module/jackson-module-parameter-names/2.15.0/jackson-module-parameter-names-2.15.0.jar:/Users/rosfranlinsborges/.m2/repository/org/springframework/boot/spring-boot-starter-tomcat/3.1.0/spring-boot-starter-tomcat-3.1.0.jar:/Users/rosfranlinsborges/.m2/repository/org/apache/tomcat/embed/tomcat-embed-core/10.1.8/tomcat-embed-core-10.1.8.jar:/Users/rosfranlinsborges/.m2/repository/org/apache/tomcat/embed/tomcat-embed-websocket/10.1.8/tomcat-embed-websocket-10.1.8.jar:/Users/rosfranlinsborges/.m2/repository/org/springframework/spring-web/6.0.9/spring-web-6.0.9.jar:/Users/rosfranlinsborges/.m2/repository/io/micrometer/micrometer-observation/1.11.0/micrometer-observation-1.11.0.jar:/Users/rosfranlinsborges/.m2/repository/io/micrometer/micrometer-commons/1.11.0/micrometer-commons-1.11.0.jar:/Users/rosfranlinsborges/.m2/repository/org/springframework/spring-webmvc/6.0.9/spring-webmvc-6.0.9.jar:/Users/rosfranlinsborges/.m2/repository/org/springframework/spring-expression/6.0.9/spring-expression-6.0.9.jar:/Users/rosfranlinsborges/.m2/repository/org/springframework/boot/spring-boot-starter-data-elasticsearch/3.1.0/spring-boot-starter-data-elasticsearch-3.1.0.jar:/Users/rosfranlinsborges/.m2/repository/org/springframework/data/spring-data-elasticsearch/5.1.0/spring-data-elasticsearch-5.1.0.jar:/Users/rosfranlinsborges/.m2/repository/co/elastic/clients/elasticsearch-java/8.7.1/elasticsearch-java-8.7.1.jar:/Users/rosfranlinsborges/.m2/repository/com/google/code/findbugs/jsr305/3.0.2/jsr305-3.0.2.jar:/Users/rosfranlinsborges/.m2/repository/jakarta/json/jakarta.json-api/2.1.1/jakarta.json-api-2.1.1.jar:/Users/rosfranlinsborges/.m2/repository/org/eclipse/parsson/parsson/1.0.0/parsson-1.0.0.jar:/Users/rosfranlinsborges/.m2/repository/org/elasticsearch/client/elasticsearch-rest-client/8.7.1/elasticsearch-rest-client-8.7.1.jar:/Users/rosfranlinsborges/.m2/repository/org/apache/httpcomponents/httpclient/4.5.13/httpclient-4.5.13.jar:/Users/rosfranlinsborges/.m2/repository/org/apache/httpcomponents/httpcore/4.4.16/httpcore-4.4.16.jar:/Users/rosfranlinsborges/.m2/repository/org/apache/httpcomponents/httpasyncclient/4.1.5/httpasyncclient-4.1.5.jar:/Users/rosfranlinsborges/.m2/repository/org/apache/httpcomponents/httpcore-nio/4.4.16/httpcore-nio-4.4.16.jar:/Users/rosfranlinsborges/.m2/repository/commons-codec/commons-codec/1.15/commons-codec-1.15.jar:/Users/rosfranlinsborges/.m2/repository/com/fasterxml/jackson/core/jackson-core/2.15.0/jackson-core-2.15.0.jar:/Users/rosfranlinsborges/.m2/repository/org/springframework/boot/spring-boot-starter-webflux/3.1.0/spring-boot-starter-webflux-3.1.0.jar:/Users/rosfranlinsborges/.m2/repository/org/springframework/boot/spring-boot-starter-reactor-netty/3.1.0/spring-boot-starter-reactor-netty-3.1.0.jar:/Users/rosfranlinsborges/.m2/repository/io/projectreactor/netty/reactor-netty-http/1.1.7/reactor-netty-http-1.1.7.jar:/Users/rosfranlinsborges/.m2/repository/io/netty/netty-codec-http/4.1.92.Final/netty-codec-http-4.1.92.Final.jar:/Users/rosfranlinsborges/.m2/repository/io/netty/netty-common/4.1.92.Final/netty-common-4.1.92.Final.jar:/Users/rosfranlinsborges/.m2/repository/io/netty/netty-buffer/4.1.92.Final/netty-buffer-4.1.92.Final.jar:/Users/rosfranlinsborges/.m2/repository/io/netty/netty-transport/4.1.92.Final/netty-transport-4.1.92.Final.jar:/Users/rosfranlinsborges/.m2/repository/io/netty/netty-codec/4.1.92.Final/netty-codec-4.1.92.Final.jar:/Users/rosfranlinsborges/.m2/repository/io/netty/netty-handler/4.1.92.Final/netty-handler-4.1.92.Final.jar:/Users/rosfranlinsborges/.m2/repository/io/netty/netty-codec-http2/4.1.92.Final/netty-codec-http2-4.1.92.Final.jar:/Users/rosfranlinsborges/.m2/repository/io/netty/netty-resolver-dns/4.1.92.Final/netty-resolver-dns-4.1.92.Final.jar:/Users/rosfranlinsborges/.m2/repository/io/netty/netty-resolver/4.1.92.Final/netty-resolver-4.1.92.Final.jar:/Users/rosfranlinsborges/.m2/repository/io/netty/netty-codec-dns/4.1.92.Final/netty-codec-dns-4.1.92.Final.jar:/Users/rosfranlinsborges/.m2/repository/io/netty/netty-resolver-dns-native-macos/4.1.92.Final/netty-resolver-dns-native-macos-4.1.92.Final-osx-x86_64.jar:/Users/rosfranlinsborges/.m2/repository/io/netty/netty-resolver-dns-classes-macos/4.1.92.Final/netty-resolver-dns-classes-macos-4.1.92.Final.jar:/Users/rosfranlinsborges/.m2/repository/io/netty/netty-transport-native-epoll/4.1.92.Final/netty-transport-native-epoll-4.1.92.Final-linux-x86_64.jar:/Users/rosfranlinsborges/.m2/repository/io/netty/netty-transport-native-unix-common/4.1.92.Final/netty-transport-native-unix-common-4.1.92.Final.jar:/Users/rosfranlinsborges/.m2/repository/io/netty/netty-transport-classes-epoll/4.1.92.Final/netty-transport-classes-epoll-4.1.92.Final.jar:/Users/rosfranlinsborges/.m2/repository/io/projectreactor/netty/reactor-netty-core/1.1.7/reactor-netty-core-1.1.7.jar:/Users/rosfranlinsborges/.m2/repository/io/netty/netty-handler-proxy/4.1.92.Final/netty-handler-proxy-4.1.92.Final.jar:/Users/rosfranlinsborges/.m2/repository/io/netty/netty-codec-socks/4.1.92.Final/netty-codec-socks-4.1.92.Final.jar:/Users/rosfranlinsborges/.m2/repository/org/springframework/spring-webflux/6.0.9/spring-webflux-6.0.9.jar:/Users/rosfranlinsborges/.m2/repository/io/projectreactor/reactor-core/3.5.6/reactor-core-3.5.6.jar:/Users/rosfranlinsborges/.m2/repository/org/reactivestreams/reactive-streams/1.0.4/reactive-streams-1.0.4.jar:/Users/rosfranlinsborges/.m2/repository/org/springframework/boot/spring-boot-starter-security/3.1.0/spring-boot-starter-security-3.1.0.jar:/Users/rosfranlinsborges/.m2/repository/org/springframework/spring-aop/6.0.9/spring-aop-6.0.9.jar:/Users/rosfranlinsborges/.m2/repository/org/springframework/security/spring-security-config/6.1.0/spring-security-config-6.1.0.jar:/Users/rosfranlinsborges/.m2/repository/org/springframework/security/spring-security-web/6.1.0/spring-security-web-6.1.0.jar:/Users/rosfranlinsborges/.m2/repository/io/jsonwebtoken/jjwt/0.9.1/jjwt-0.9.1.jar:/Users/rosfranlinsborges/.m2/repository/com/fasterxml/jackson/core/jackson-databind/2.15.0/jackson-databind-2.15.0.jar:/Users/rosfranlinsborges/.m2/repository/com/fasterxml/jackson/core/jackson-annotations/2.15.0/jackson-annotations-2.15.0.jar:/Users/rosfranlinsborges/.m2/repository/javax/xml/bind/jaxb-api/2.3.1/jaxb-api-2.3.1.jar:/Users/rosfranlinsborges/.m2/repository/javax/activation/javax.activation-api/1.2.0/javax.activation-api-1.2.0.jar:/Users/rosfranlinsborges/.m2/repository/org/springframework/boot/spring-boot-starter-validation/3.0.4/spring-boot-starter-validation-3.0.4.jar:/Users/rosfranlinsborges/.m2/repository/org/apache/tomcat/embed/tomcat-embed-el/10.1.8/tomcat-embed-el-10.1.8.jar:/Users/rosfranlinsborges/.m2/repository/org/hibernate/validator/hibernate-validator/8.0.0.Final/hibernate-validator-8.0.0.Final.jar:/Users/rosfranlinsborges/.m2/repository/jakarta/validation/jakarta.validation-api/3.0.2/jakarta.validation-api-3.0.2.jar:/Users/rosfranlinsborges/.m2/repository/org/springframework/boot/spring-boot-devtools/3.1.0/spring-boot-devtools-3.1.0.jar:/Users/rosfranlinsborges/.m2/repository/org/springframework/boot/spring-boot/3.1.0/spring-boot-3.1.0.jar:/Users/rosfranlinsborges/.m2/repository/org/springframework/boot/spring-boot-autoconfigure/3.1.0/spring-boot-autoconfigure-3.1.0.jar:/Users/rosfranlinsborges/.m2/repository/org/apache/commons/commons-text/1.10.0/commons-text-1.10.0.jar:/Users/rosfranlinsborges/.m2/repository/org/apache/commons/commons-lang3/3.12.0/commons-lang3-3.12.0.jar:/Users/rosfranlinsborges/.m2/repository/org/projectlombok/lombok/1.18.26/lombok-1.18.26.jar:/Users/rosfranlinsborges/.m2/repository/org/mapstruct/mapstruct/1.5.3.Final/mapstruct-1.5.3.Final.jar:/Users/rosfranlinsborges/.m2/repository/org/springdoc/springdoc-openapi-starter-webmvc-ui/2.0.4/springdoc-openapi-starter-webmvc-ui-2.0.4.jar:/Users/rosfranlinsborges/.m2/repository/org/springdoc/springdoc-openapi-starter-webmvc-api/2.0.4/springdoc-openapi-starter-webmvc-api-2.0.4.jar:/Users/rosfranlinsborges/.m2/repository/org/springdoc/springdoc-openapi-starter-common/2.0.4/springdoc-openapi-starter-common-2.0.4.jar:/Users/rosfranlinsborges/.m2/repository/io/swagger/core/v3/swagger-core-jakarta/2.2.8/swagger-core-jakarta-2.2.8.jar:/Users/rosfranlinsborges/.m2/repository/io/swagger/core/v3/swagger-annotations-jakarta/2.2.8/swagger-annotations-jakarta-2.2.8.jar:/Users/rosfranlinsborges/.m2/repository/io/swagger/core/v3/swagger-models-jakarta/2.2.8/swagger-models-jakarta-2.2.8.jar:/Users/rosfranlinsborges/.m2/repository/com/fasterxml/jackson/dataformat/jackson-dataformat-yaml/2.15.0/jackson-dataformat-yaml-2.15.0.jar:/Users/rosfranlinsborges/.m2/repository/org/webjars/swagger-ui/4.18.1/swagger-ui-4.18.1.jar:/Users/rosfranlinsborges/.m2/repository/org/webjars/webjars-locator-core/0.52/webjars-locator-core-0.52.jar:/Users/rosfranlinsborges/.m2/repository/io/github/classgraph/classgraph/4.8.149/classgraph-4.8.149.jar:/Users/rosfranlinsborges/.m2/repository/org/flywaydb/flyway-core/9.15.2/flyway-core-9.15.2.jar:/Users/rosfranlinsborges/.m2/repository/com/fasterxml/jackson/dataformat/jackson-dataformat-toml/2.15.0/jackson-dataformat-toml-2.15.0.jar:/Users/rosfranlinsborges/.m2/repository/org/postgresql/postgresql/42.6.0/postgresql-42.6.0.jar:/Users/rosfranlinsborges/.m2/repository/org/checkerframework/checker-qual/3.31.0/checker-qual-3.31.0.jar:/Users/rosfranlinsborges/.m2/repository/org/springframework/boot/spring-boot-starter-test/3.1.0/spring-boot-starter-test-3.1.0.jar:/Users/rosfranlinsborges/.m2/repository/org/springframework/boot/spring-boot-test/3.1.0/spring-boot-test-3.1.0.jar:/Users/rosfranlinsborges/.m2/repository/org/springframework/boot/spring-boot-test-autoconfigure/3.1.0/spring-boot-test-autoconfigure-3.1.0.jar:/Users/rosfranlinsborges/.m2/repository/com/jayway/jsonpath/json-path/2.8.0/json-path-2.8.0.jar:/Users/rosfranlinsborges/.m2/repository/jakarta/xml/bind/jakarta.xml.bind-api/4.0.0/jakarta.xml.bind-api-4.0.0.jar:/Users/rosfranlinsborges/.m2/repository/jakarta/activation/jakarta.activation-api/2.1.2/jakarta.activation-api-2.1.2.jar:/Users/rosfranlinsborges/.m2/repository/net/minidev/json-smart/2.4.10/json-smart-2.4.10.jar:/Users/rosfranlinsborges/.m2/repository/net/minidev/accessors-smart/2.4.9/accessors-smart-2.4.9.jar:/Users/rosfranlinsborges/.m2/repository/org/ow2/asm/asm/9.3/asm-9.3.jar:/Users/rosfranlinsborges/.m2/repository/org/assertj/assertj-core/3.24.2/assertj-core-3.24.2.jar:/Users/rosfranlinsborges/.m2/repository/org/hamcrest/hamcrest/2.2/hamcrest-2.2.jar:/Users/rosfranlinsborges/.m2/repository/org/junit/jupiter/junit-jupiter/5.9.3/junit-jupiter-5.9.3.jar:/Users/rosfranlinsborges/.m2/repository/org/junit/jupiter/junit-jupiter-params/5.9.3/junit-jupiter-params-5.9.3.jar:/Users/rosfranlinsborges/.m2/repository/org/junit/jupiter/junit-jupiter-engine/5.9.3/junit-jupiter-engine-5.9.3.jar:/Users/rosfranlinsborges/.m2/repository/org/junit/platform/junit-platform-engine/1.9.3/junit-platform-engine-1.9.3.jar:/Users/rosfranlinsborges/.m2/repository/org/mockito/mockito-core/5.3.1/mockito-core-5.3.1.jar:/Users/rosfranlinsborges/.m2/repository/net/bytebuddy/byte-buddy-agent/1.14.4/byte-buddy-agent-1.14.4.jar:/Users/rosfranlinsborges/.m2/repository/org/objenesis/objenesis/3.3/objenesis-3.3.jar:/Users/rosfranlinsborges/.m2/repository/org/mockito/mockito-junit-jupiter/5.3.1/mockito-junit-jupiter-5.3.1.jar:/Users/rosfranlinsborges/.m2/repository/org/skyscreamer/jsonassert/1.5.1/jsonassert-1.5.1.jar:/Users/rosfranlinsborges/.m2/repository/com/vaadin/external/google/android-json/0.0.20131108.vaadin1/android-json-0.0.20131108.vaadin1.jar:/Users/rosfranlinsborges/.m2/repository/org/springframework/spring-core/6.0.9/spring-core-6.0.9.jar:/Users/rosfranlinsborges/.m2/repository/org/springframework/spring-jcl/6.0.9/spring-jcl-6.0.9.jar:/Users/rosfranlinsborges/.m2/repository/org/springframework/spring-test/6.0.9/spring-test-6.0.9.jar:/Users/rosfranlinsborges/.m2/repository/org/xmlunit/xmlunit-core/2.9.1/xmlunit-core-2.9.1.jar:/Users/rosfranlinsborges/.m2/repository/org/springframework/security/spring-security-test/6.0.2/spring-security-test-6.0.2.jar:/Users/rosfranlinsborges/.m2/repository/org/springframework/security/spring-security-core/6.1.0/spring-security-core-6.1.0.jar:/Users/rosfranlinsborges/.m2/repository/org/springframework/security/spring-security-crypto/6.1.0/spring-security-crypto-6.1.0.jar:/Users/rosfranlinsborges/.m2/repository/org/testcontainers/postgresql/1.17.6/postgresql-1.17.6.jar:/Users/rosfranlinsborges/.m2/repository/org/testcontainers/jdbc/1.17.6/jdbc-1.17.6.jar:/Users/rosfranlinsborges/.m2/repository/org/testcontainers/database-commons/1.17.6/database-commons-1.17.6.jar:/Users/rosfranlinsborges/.m2/repository/org/testcontainers/junit-jupiter/1.17.6/junit-jupiter-1.17.6.jar:/Users/rosfranlinsborges/.m2/repository/org/testcontainers/testcontainers/1.17.6/testcontainers-1.17.6.jar:/Users/rosfranlinsborges/.m2/repository/junit/junit/4.13.2/junit-4.13.2.jar:/Users/rosfranlinsborges/.m2/repository/org/hamcrest/hamcrest-core/2.2/hamcrest-core-2.2.jar:/Users/rosfranlinsborges/.m2/repository/org/apache/commons/commons-compress/1.22/commons-compress-1.22.jar:/Users/rosfranlinsborges/.m2/repository/org/rnorth/duct-tape/duct-tape/1.0.8/duct-tape-1.0.8.jar:/Users/rosfranlinsborges/.m2/repository/org/jetbrains/annotations/17.0.0/annotations-17.0.0.jar:/Users/rosfranlinsborges/.m2/repository/com/github/docker-java/docker-java-api/3.2.13/docker-java-api-3.2.13.jar:/Users/rosfranlinsborges/.m2/repository/com/github/docker-java/docker-java-transport-zerodep/3.2.13/docker-java-transport-zerodep-3.2.13.jar:/Users/rosfranlinsborges/.m2/repository/com/github/docker-java/docker-java-transport/3.2.13/docker-java-transport-3.2.13.jar:/Users/rosfranlinsborges/.m2/repository/net/java/dev/jna/jna/5.8.0/jna-5.8.0.jar:/Users/rosfranlinsborges/.m2/repository/org/junit/jupiter/junit-jupiter-api/5.9.3/junit-jupiter-api-5.9.3.jar:/Users/rosfranlinsborges/.m2/repository/org/opentest4j/opentest4j/1.2.0/opentest4j-1.2.0.jar:/Users/rosfranlinsborges/.m2/repository/org/junit/platform/junit-platform-commons/1.9.3/junit-platform-commons-1.9.3.jar:/Users/rosfranlinsborges/.m2/repository/org/apiguardian/apiguardian-api/1.1.2/apiguardian-api-1.1.2.jar:"/>
    <property name="java.vm.vendor" value="Homebrew"/>
    <property name="sun.arch.data.model" value="64"/>
    <property name="java.vendor.url" value="https://github.com/Homebrew/homebrew-core/issues"/>
    <property name="user.timezone" value="Europe/Amsterdam"/>
    <property name="org.jboss.logging.provider" value="slf4j"/>
    <property name="os.name" value="Mac OS X"/>
    <property name="java.vm.specification.version" value="17"/>
    <property name="user.country" value="BR"/>
    <property name="sun.java.launcher" value="SUN_STANDARD"/>
    <property name="sun.boot.library.path" value="/usr/local/Cellar/openjdk/17/libexec/openjdk.jdk/Contents/Home/lib"/>
    <property name="sun.java.command" value="/Users/rosfranlinsborges/dev/customers-api/target/surefire/surefirebooter-20230614185041239_3.jar /Users/rosfranlinsborges/dev/customers-api/target/surefire 2023-06-14T18-50-40_978-jvmRun1 surefire-20230614185041239_1tmp surefire_0-20230614185041239_2tmp"/>
    <property name="http.nonProxyHosts" value="local|*.local|169.254/16|*.169.254/16"/>
    <property name="jdk.debug" value="release"/>
    <property name="surefire.test.class.path" value="/Users/rosfranlinsborges/dev/customers-api/target/test-classes:/Users/rosfranlinsborges/dev/customers-api/target/classes:/Users/rosfranlinsborges/.m2/repository/org/springframework/boot/spring-boot-starter-data-jpa/3.1.0/spring-boot-starter-data-jpa-3.1.0.jar:/Users/rosfranlinsborges/.m2/repository/org/springframework/boot/spring-boot-starter-aop/3.1.0/spring-boot-starter-aop-3.1.0.jar:/Users/rosfranlinsborges/.m2/repository/org/aspectj/aspectjweaver/1.9.19/aspectjweaver-1.9.19.jar:/Users/rosfranlinsborges/.m2/repository/org/springframework/boot/spring-boot-starter-jdbc/3.1.0/spring-boot-starter-jdbc-3.1.0.jar:/Users/rosfranlinsborges/.m2/repository/com/zaxxer/HikariCP/5.0.1/HikariCP-5.0.1.jar:/Users/rosfranlinsborges/.m2/repository/org/springframework/spring-jdbc/6.0.9/spring-jdbc-6.0.9.jar:/Users/rosfranlinsborges/.m2/repository/org/hibernate/orm/hibernate-core/6.2.2.Final/hibernate-core-6.2.2.Final.jar:/Users/rosfranlinsborges/.m2/repository/jakarta/persistence/jakarta.persistence-api/3.1.0/jakarta.persistence-api-3.1.0.jar:/Users/rosfranlinsborges/.m2/repository/jakarta/transaction/jakarta.transaction-api/2.0.1/jakarta.transaction-api-2.0.1.jar:/Users/rosfranlinsborges/.m2/repository/org/jboss/logging/jboss-logging/3.5.0.Final/jboss-logging-3.5.0.Final.jar:/Users/rosfranlinsborges/.m2/repository/org/hibernate/common/hibernate-commons-annotations/6.0.6.Final/hibernate-commons-annotations-6.0.6.Final.jar:/Users/rosfranlinsborges/.m2/repository/io/smallrye/jandex/3.0.5/jandex-3.0.5.jar:/Users/rosfranlinsborges/.m2/repository/com/fasterxml/classmate/1.5.1/classmate-1.5.1.jar:/Users/rosfranlinsborges/.m2/repository/net/bytebuddy/byte-buddy/1.14.4/byte-buddy-1.14.4.jar:/Users/rosfranlinsborges/.m2/repository/org/glassfish/jaxb/jaxb-runtime/4.0.2/jaxb-runtime-4.0.2.jar:/Users/rosfranlinsborges/.m2/repository/org/glassfish/jaxb/jaxb-core/4.0.2/jaxb-core-4.0.2.jar:/Users/rosfranlinsborges/.m2/repository/org/eclipse/angus/angus-activation/2.0.0/angus-activation-2.0.0.jar:/Users/rosfranlinsborges/.m2/repository/org/glassfish/jaxb/txw2/4.0.2/txw2-4.0.2.jar:/Users/rosfranlinsborges/.m2/repository/com/sun/istack/istack-commons-runtime/4.1.1/istack-commons-runtime-4.1.1.jar:/Users/rosfranlinsborges/.m2/repository/jakarta/inject/jakarta.inject-api/2.0.1/jakarta.inject-api-2.0.1.jar:/Users/rosfranlinsborges/.m2/repository/org/antlr/antlr4-runtime/4.10.1/antlr4-runtime-4.10.1.jar:/Users/rosfranlinsborges/.m2/repository/org/springframework/data/spring-data-jpa/3.1.0/spring-data-jpa-3.1.0.jar:/Users/rosfranlinsborges/.m2/repository/org/springframework/data/spring-data-commons/3.1.0/spring-data-commons-3.1.0.jar:/Users/rosfranlinsborges/.m2/repository/org/springframework/spring-orm/6.0.9/spring-orm-6.0.9.jar:/Users/rosfranlinsborges/.m2/repository/org/springframework/spring-context/6.0.9/spring-context-6.0.9.jar:/Users/rosfranlinsborges/.m2/repository/org/springframework/spring-tx/6.0.9/spring-tx-6.0.9.jar:/Users/rosfranlinsborges/.m2/repository/org/springframework/spring-beans/6.0.9/spring-beans-6.0.9.jar:/Users/rosfranlinsborges/.m2/repository/jakarta/annotation/jakarta.annotation-api/2.1.1/jakarta.annotation-api-2.1.1.jar:/Users/rosfranlinsborges/.m2/repository/org/slf4j/slf4j-api/2.0.7/slf4j-api-2.0.7.jar:/Users/rosfranlinsborges/.m2/repository/org/springframework/spring-aspects/6.0.9/spring-aspects-6.0.9.jar:/Users/rosfranlinsborges/.m2/repository/org/springframework/boot/spring-boot-starter-web/3.1.0/spring-boot-starter-web-3.1.0.jar:/Users/rosfranlinsborges/.m2/repository/org/springframework/boot/spring-boot-starter/3.1.0/spring-boot-starter-3.1.0.jar:/Users/rosfranlinsborges/.m2/repository/org/springframework/boot/spring-boot-starter-logging/3.1.0/spring-boot-starter-logging-3.1.0.jar:/Users/rosfranlinsborges/.m2/repository/ch/qos/logback/logback-classic/1.4.7/logback-classic-1.4.7.jar:/Users/rosfranlinsborges/.m2/repository/ch/qos/logback/logback-core/1.4.7/logback-core-1.4.7.jar:/Users/rosfranlinsborges/.m2/repository/org/apache/logging/log4j/log4j-to-slf4j/2.20.0/log4j-to-slf4j-2.20.0.jar:/Users/rosfranlinsborges/.m2/repository/org/apache/logging/log4j/log4j-api/2.20.0/log4j-api-2.20.0.jar:/Users/rosfranlinsborges/.m2/repository/org/slf4j/jul-to-slf4j/2.0.7/jul-to-slf4j-2.0.7.jar:/Users/rosfranlinsborges/.m2/repository/org/yaml/snakeyaml/1.33/snakeyaml-1.33.jar:/Users/rosfranlinsborges/.m2/repository/org/springframework/boot/spring-boot-starter-json/3.1.0/spring-boot-starter-json-3.1.0.jar:/Users/rosfranlinsborges/.m2/repository/com/fasterxml/jackson/datatype/jackson-datatype-jdk8/2.15.0/jackson-datatype-jdk8-2.15.0.jar:/Users/rosfranlinsborges/.m2/repository/com/fasterxml/jackson/datatype/jackson-datatype-jsr310/2.15.0/jackson-datatype-jsr310-2.15.0.jar:/Users/rosfranlinsborges/.m2/repository/com/fasterxml/jackson/module/jackson-module-parameter-names/2.15.0/jackson-module-parameter-names-2.15.0.jar:/Users/rosfranlinsborges/.m2/repository/org/springframework/boot/spring-boot-starter-tomcat/3.1.0/spring-boot-starter-tomcat-3.1.0.jar:/Users/rosfranlinsborges/.m2/repository/org/apache/tomcat/embed/tomcat-embed-core/10.1.8/tomcat-embed-core-10.1.8.jar:/Users/rosfranlinsborges/.m2/repository/org/apache/tomcat/embed/tomcat-embed-websocket/10.1.8/tomcat-embed-websocket-10.1.8.jar:/Users/rosfranlinsborges/.m2/repository/org/springframework/spring-web/6.0.9/spring-web-6.0.9.jar:/Users/rosfranlinsborges/.m2/repository/io/micrometer/micrometer-observation/1.11.0/micrometer-observation-1.11.0.jar:/Users/rosfranlinsborges/.m2/repository/io/micrometer/micrometer-commons/1.11.0/micrometer-commons-1.11.0.jar:/Users/rosfranlinsborges/.m2/repository/org/springframework/spring-webmvc/6.0.9/spring-webmvc-6.0.9.jar:/Users/rosfranlinsborges/.m2/repository/org/springframework/spring-expression/6.0.9/spring-expression-6.0.9.jar:/Users/rosfranlinsborges/.m2/repository/org/springframework/boot/spring-boot-starter-data-elasticsearch/3.1.0/spring-boot-starter-data-elasticsearch-3.1.0.jar:/Users/rosfranlinsborges/.m2/repository/org/springframework/data/spring-data-elasticsearch/5.1.0/spring-data-elasticsearch-5.1.0.jar:/Users/rosfranlinsborges/.m2/repository/co/elastic/clients/elasticsearch-java/8.7.1/elasticsearch-java-8.7.1.jar:/Users/rosfranlinsborges/.m2/repository/com/google/code/findbugs/jsr305/3.0.2/jsr305-3.0.2.jar:/Users/rosfranlinsborges/.m2/repository/jakarta/json/jakarta.json-api/2.1.1/jakarta.json-api-2.1.1.jar:/Users/rosfranlinsborges/.m2/repository/org/eclipse/parsson/parsson/1.0.0/parsson-1.0.0.jar:/Users/rosfranlinsborges/.m2/repository/org/elasticsearch/client/elasticsearch-rest-client/8.7.1/elasticsearch-rest-client-8.7.1.jar:/Users/rosfranlinsborges/.m2/repository/org/apache/httpcomponents/httpclient/4.5.13/httpclient-4.5.13.jar:/Users/rosfranlinsborges/.m2/repository/org/apache/httpcomponents/httpcore/4.4.16/httpcore-4.4.16.jar:/Users/rosfranlinsborges/.m2/repository/org/apache/httpcomponents/httpasyncclient/4.1.5/httpasyncclient-4.1.5.jar:/Users/rosfranlinsborges/.m2/repository/org/apache/httpcomponents/httpcore-nio/4.4.16/httpcore-nio-4.4.16.jar:/Users/rosfranlinsborges/.m2/repository/commons-codec/commons-codec/1.15/commons-codec-1.15.jar:/Users/rosfranlinsborges/.m2/repository/com/fasterxml/jackson/core/jackson-core/2.15.0/jackson-core-2.15.0.jar:/Users/rosfranlinsborges/.m2/repository/org/springframework/boot/spring-boot-starter-webflux/3.1.0/spring-boot-starter-webflux-3.1.0.jar:/Users/rosfranlinsborges/.m2/repository/org/springframework/boot/spring-boot-starter-reactor-netty/3.1.0/spring-boot-starter-reactor-netty-3.1.0.jar:/Users/rosfranlinsborges/.m2/repository/io/projectreactor/netty/reactor-netty-http/1.1.7/reactor-netty-http-1.1.7.jar:/Users/rosfranlinsborges/.m2/repository/io/netty/netty-codec-http/4.1.92.Final/netty-codec-http-4.1.92.Final.jar:/Users/rosfranlinsborges/.m2/repository/io/netty/netty-common/4.1.92.Final/netty-common-4.1.92.Final.jar:/Users/rosfranlinsborges/.m2/repository/io/netty/netty-buffer/4.1.92.Final/netty-buffer-4.1.92.Final.jar:/Users/rosfranlinsborges/.m2/repository/io/netty/netty-transport/4.1.92.Final/netty-transport-4.1.92.Final.jar:/Users/rosfranlinsborges/.m2/repository/io/netty/netty-codec/4.1.92.Final/netty-codec-4.1.92.Final.jar:/Users/rosfranlinsborges/.m2/repository/io/netty/netty-handler/4.1.92.Final/netty-handler-4.1.92.Final.jar:/Users/rosfranlinsborges/.m2/repository/io/netty/netty-codec-http2/4.1.92.Final/netty-codec-http2-4.1.92.Final.jar:/Users/rosfranlinsborges/.m2/repository/io/netty/netty-resolver-dns/4.1.92.Final/netty-resolver-dns-4.1.92.Final.jar:/Users/rosfranlinsborges/.m2/repository/io/netty/netty-resolver/4.1.92.Final/netty-resolver-4.1.92.Final.jar:/Users/rosfranlinsborges/.m2/repository/io/netty/netty-codec-dns/4.1.92.Final/netty-codec-dns-4.1.92.Final.jar:/Users/rosfranlinsborges/.m2/repository/io/netty/netty-resolver-dns-native-macos/4.1.92.Final/netty-resolver-dns-native-macos-4.1.92.Final-osx-x86_64.jar:/Users/rosfranlinsborges/.m2/repository/io/netty/netty-resolver-dns-classes-macos/4.1.92.Final/netty-resolver-dns-classes-macos-4.1.92.Final.jar:/Users/rosfranlinsborges/.m2/repository/io/netty/netty-transport-native-epoll/4.1.92.Final/netty-transport-native-epoll-4.1.92.Final-linux-x86_64.jar:/Users/rosfranlinsborges/.m2/repository/io/netty/netty-transport-native-unix-common/4.1.92.Final/netty-transport-native-unix-common-4.1.92.Final.jar:/Users/rosfranlinsborges/.m2/repository/io/netty/netty-transport-classes-epoll/4.1.92.Final/netty-transport-classes-epoll-4.1.92.Final.jar:/Users/rosfranlinsborges/.m2/repository/io/projectreactor/netty/reactor-netty-core/1.1.7/reactor-netty-core-1.1.7.jar:/Users/rosfranlinsborges/.m2/repository/io/netty/netty-handler-proxy/4.1.92.Final/netty-handler-proxy-4.1.92.Final.jar:/Users/rosfranlinsborges/.m2/repository/io/netty/netty-codec-socks/4.1.92.Final/netty-codec-socks-4.1.92.Final.jar:/Users/rosfranlinsborges/.m2/repository/org/springframework/spring-webflux/6.0.9/spring-webflux-6.0.9.jar:/Users/rosfranlinsborges/.m2/repository/io/projectreactor/reactor-core/3.5.6/reactor-core-3.5.6.jar:/Users/rosfranlinsborges/.m2/repository/org/reactivestreams/reactive-streams/1.0.4/reactive-streams-1.0.4.jar:/Users/rosfranlinsborges/.m2/repository/org/springframework/boot/spring-boot-starter-security/3.1.0/spring-boot-starter-security-3.1.0.jar:/Users/rosfranlinsborges/.m2/repository/org/springframework/spring-aop/6.0.9/spring-aop-6.0.9.jar:/Users/rosfranlinsborges/.m2/repository/org/springframework/security/spring-security-config/6.1.0/spring-security-config-6.1.0.jar:/Users/rosfranlinsborges/.m2/repository/org/springframework/security/spring-security-web/6.1.0/spring-security-web-6.1.0.jar:/Users/rosfranlinsborges/.m2/repository/io/jsonwebtoken/jjwt/0.9.1/jjwt-0.9.1.jar:/Users/rosfranlinsborges/.m2/repository/com/fasterxml/jackson/core/jackson-databind/2.15.0/jackson-databind-2.15.0.jar:/Users/rosfranlinsborges/.m2/repository/com/fasterxml/jackson/core/jackson-annotations/2.15.0/jackson-annotations-2.15.0.jar:/Users/rosfranlinsborges/.m2/repository/javax/xml/bind/jaxb-api/2.3.1/jaxb-api-2.3.1.jar:/Users/rosfranlinsborges/.m2/repository/javax/activation/javax.activation-api/1.2.0/javax.activation-api-1.2.0.jar:/Users/rosfranlinsborges/.m2/repository/org/springframework/boot/spring-boot-starter-validation/3.0.4/spring-boot-starter-validation-3.0.4.jar:/Users/rosfranlinsborges/.m2/repository/org/apache/tomcat/embed/tomcat-embed-el/10.1.8/tomcat-embed-el-10.1.8.jar:/Users/rosfranlinsborges/.m2/repository/org/hibernate/validator/hibernate-validator/8.0.0.Final/hibernate-validator-8.0.0.Final.jar:/Users/rosfranlinsborges/.m2/repository/jakarta/validation/jakarta.validation-api/3.0.2/jakarta.validation-api-3.0.2.jar:/Users/rosfranlinsborges/.m2/repository/org/springframework/boot/spring-boot-devtools/3.1.0/spring-boot-devtools-3.1.0.jar:/Users/rosfranlinsborges/.m2/repository/org/springframework/boot/spring-boot/3.1.0/spring-boot-3.1.0.jar:/Users/rosfranlinsborges/.m2/repository/org/springframework/boot/spring-boot-autoconfigure/3.1.0/spring-boot-autoconfigure-3.1.0.jar:/Users/rosfranlinsborges/.m2/repository/org/apache/commons/commons-text/1.10.0/commons-text-1.10.0.jar:/Users/rosfranlinsborges/.m2/repository/org/apache/commons/commons-lang3/3.12.0/commons-lang3-3.12.0.jar:/Users/rosfranlinsborges/.m2/repository/org/projectlombok/lombok/1.18.26/lombok-1.18.26.jar:/Users/rosfranlinsborges/.m2/repository/org/mapstruct/mapstruct/1.5.3.Final/mapstruct-1.5.3.Final.jar:/Users/rosfranlinsborges/.m2/repository/org/springdoc/springdoc-openapi-starter-webmvc-ui/2.0.4/springdoc-openapi-starter-webmvc-ui-2.0.4.jar:/Users/rosfranlinsborges/.m2/repository/org/springdoc/springdoc-openapi-starter-webmvc-api/2.0.4/springdoc-openapi-starter-webmvc-api-2.0.4.jar:/Users/rosfranlinsborges/.m2/repository/org/springdoc/springdoc-openapi-starter-common/2.0.4/springdoc-openapi-starter-common-2.0.4.jar:/Users/rosfranlinsborges/.m2/repository/io/swagger/core/v3/swagger-core-jakarta/2.2.8/swagger-core-jakarta-2.2.8.jar:/Users/rosfranlinsborges/.m2/repository/io/swagger/core/v3/swagger-annotations-jakarta/2.2.8/swagger-annotations-jakarta-2.2.8.jar:/Users/rosfranlinsborges/.m2/repository/io/swagger/core/v3/swagger-models-jakarta/2.2.8/swagger-models-jakarta-2.2.8.jar:/Users/rosfranlinsborges/.m2/repository/com/fasterxml/jackson/dataformat/jackson-dataformat-yaml/2.15.0/jackson-dataformat-yaml-2.15.0.jar:/Users/rosfranlinsborges/.m2/repository/org/webjars/swagger-ui/4.18.1/swagger-ui-4.18.1.jar:/Users/rosfranlinsborges/.m2/repository/org/webjars/webjars-locator-core/0.52/webjars-locator-core-0.52.jar:/Users/rosfranlinsborges/.m2/repository/io/github/classgraph/classgraph/4.8.149/classgraph-4.8.149.jar:/Users/rosfranlinsborges/.m2/repository/org/flywaydb/flyway-core/9.15.2/flyway-core-9.15.2.jar:/Users/rosfranlinsborges/.m2/repository/com/fasterxml/jackson/dataformat/jackson-dataformat-toml/2.15.0/jackson-dataformat-toml-2.15.0.jar:/Users/rosfranlinsborges/.m2/repository/org/postgresql/postgresql/42.6.0/postgresql-42.6.0.jar:/Users/rosfranlinsborges/.m2/repository/org/checkerframework/checker-qual/3.31.0/checker-qual-3.31.0.jar:/Users/rosfranlinsborges/.m2/repository/org/springframework/boot/spring-boot-starter-test/3.1.0/spring-boot-starter-test-3.1.0.jar:/Users/rosfranlinsborges/.m2/repository/org/springframework/boot/spring-boot-test/3.1.0/spring-boot-test-3.1.0.jar:/Users/rosfranlinsborges/.m2/repository/org/springframework/boot/spring-boot-test-autoconfigure/3.1.0/spring-boot-test-autoconfigure-3.1.0.jar:/Users/rosfranlinsborges/.m2/repository/com/jayway/jsonpath/json-path/2.8.0/json-path-2.8.0.jar:/Users/rosfranlinsborges/.m2/repository/jakarta/xml/bind/jakarta.xml.bind-api/4.0.0/jakarta.xml.bind-api-4.0.0.jar:/Users/rosfranlinsborges/.m2/repository/jakarta/activation/jakarta.activation-api/2.1.2/jakarta.activation-api-2.1.2.jar:/Users/rosfranlinsborges/.m2/repository/net/minidev/json-smart/2.4.10/json-smart-2.4.10.jar:/Users/rosfranlinsborges/.m2/repository/net/minidev/accessors-smart/2.4.9/accessors-smart-2.4.9.jar:/Users/rosfranlinsborges/.m2/repository/org/ow2/asm/asm/9.3/asm-9.3.jar:/Users/rosfranlinsborges/.m2/repository/org/assertj/assertj-core/3.24.2/assertj-core-3.24.2.jar:/Users/rosfranlinsborges/.m2/repository/org/hamcrest/hamcrest/2.2/hamcrest-2.2.jar:/Users/rosfranlinsborges/.m2/repository/org/junit/jupiter/junit-jupiter/5.9.3/junit-jupiter-5.9.3.jar:/Users/rosfranlinsborges/.m2/repository/org/junit/jupiter/junit-jupiter-params/5.9.3/junit-jupiter-params-5.9.3.jar:/Users/rosfranlinsborges/.m2/repository/org/junit/jupiter/junit-jupiter-engine/5.9.3/junit-jupiter-engine-5.9.3.jar:/Users/rosfranlinsborges/.m2/repository/org/junit/platform/junit-platform-engine/1.9.3/junit-platform-engine-1.9.3.jar:/Users/rosfranlinsborges/.m2/repository/org/mockito/mockito-core/5.3.1/mockito-core-5.3.1.jar:/Users/rosfranlinsborges/.m2/repository/net/bytebuddy/byte-buddy-agent/1.14.4/byte-buddy-agent-1.14.4.jar:/Users/rosfranlinsborges/.m2/repository/org/objenesis/objenesis/3.3/objenesis-3.3.jar:/Users/rosfranlinsborges/.m2/repository/org/mockito/mockito-junit-jupiter/5.3.1/mockito-junit-jupiter-5.3.1.jar:/Users/rosfranlinsborges/.m2/repository/org/skyscreamer/jsonassert/1.5.1/jsonassert-1.5.1.jar:/Users/rosfranlinsborges/.m2/repository/com/vaadin/external/google/android-json/0.0.20131108.vaadin1/android-json-0.0.20131108.vaadin1.jar:/Users/rosfranlinsborges/.m2/repository/org/springframework/spring-core/6.0.9/spring-core-6.0.9.jar:/Users/rosfranlinsborges/.m2/repository/org/springframework/spring-jcl/6.0.9/spring-jcl-6.0.9.jar:/Users/rosfranlinsborges/.m2/repository/org/springframework/spring-test/6.0.9/spring-test-6.0.9.jar:/Users/rosfranlinsborges/.m2/repository/org/xmlunit/xmlunit-core/2.9.1/xmlunit-core-2.9.1.jar:/Users/rosfranlinsborges/.m2/repository/org/springframework/security/spring-security-test/6.0.2/spring-security-test-6.0.2.jar:/Users/rosfranlinsborges/.m2/repository/org/springframework/security/spring-security-core/6.1.0/spring-security-core-6.1.0.jar:/Users/rosfranlinsborges/.m2/repository/org/springframework/security/spring-security-crypto/6.1.0/spring-security-crypto-6.1.0.jar:/Users/rosfranlinsborges/.m2/repository/org/testcontainers/postgresql/1.17.6/postgresql-1.17.6.jar:/Users/rosfranlinsborges/.m2/repository/org/testcontainers/jdbc/1.17.6/jdbc-1.17.6.jar:/Users/rosfranlinsborges/.m2/repository/org/testcontainers/database-commons/1.17.6/database-commons-1.17.6.jar:/Users/rosfranlinsborges/.m2/repository/org/testcontainers/junit-jupiter/1.17.6/junit-jupiter-1.17.6.jar:/Users/rosfranlinsborges/.m2/repository/org/testcontainers/testcontainers/1.17.6/testcontainers-1.17.6.jar:/Users/rosfranlinsborges/.m2/repository/junit/junit/4.13.2/junit-4.13.2.jar:/Users/rosfranlinsborges/.m2/repository/org/hamcrest/hamcrest-core/2.2/hamcrest-core-2.2.jar:/Users/rosfranlinsborges/.m2/repository/org/apache/commons/commons-compress/1.22/commons-compress-1.22.jar:/Users/rosfranlinsborges/.m2/repository/org/rnorth/duct-tape/duct-tape/1.0.8/duct-tape-1.0.8.jar:/Users/rosfranlinsborges/.m2/repository/org/jetbrains/annotations/17.0.0/annotations-17.0.0.jar:/Users/rosfranlinsborges/.m2/repository/com/github/docker-java/docker-java-api/3.2.13/docker-java-api-3.2.13.jar:/Users/rosfranlinsborges/.m2/repository/com/github/docker-java/docker-java-transport-zerodep/3.2.13/docker-java-transport-zerodep-3.2.13.jar:/Users/rosfranlinsborges/.m2/repository/com/github/docker-java/docker-java-transport/3.2.13/docker-java-transport-3.2.13.jar:/Users/rosfranlinsborges/.m2/repository/net/java/dev/jna/jna/5.8.0/jna-5.8.0.jar:/Users/rosfranlinsborges/.m2/repository/org/junit/jupiter/junit-jupiter-api/5.9.3/junit-jupiter-api-5.9.3.jar:/Users/rosfranlinsborges/.m2/repository/org/opentest4j/opentest4j/1.2.0/opentest4j-1.2.0.jar:/Users/rosfranlinsborges/.m2/repository/org/junit/platform/junit-platform-commons/1.9.3/junit-platform-commons-1.9.3.jar:/Users/rosfranlinsborges/.m2/repository/org/apiguardian/apiguardian-api/1.1.2/apiguardian-api-1.1.2.jar:"/>
    <property name="sun.cpu.endian" value="little"/>
    <property name="user.home" value="/Users/rosfranlinsborges"/>
    <property name="user.language" value="pt"/>
    <property name="java.specification.vendor" value="Oracle Corporation"/>
    <property name="java.version.date" value="2021-09-14"/>
    <property name="java.home" value="/usr/local/Cellar/openjdk/17/libexec/openjdk.jdk/Contents/Home"/>
    <property name="file.separator" value="/"/>
    <property name="basedir" value="/Users/rosfranlinsborges/dev/customers-api"/>
    <property name="java.vm.compressedOopsMode" value="Zero based"/>
    <property name="line.separator" value="&#10;"/>
    <property name="java.vm.specification.vendor" value="Oracle Corporation"/>
    <property name="java.specification.name" value="Java Platform API Specification"/>
    <property name="FILE_LOG_CHARSET" value="UTF-8"/>
    <property name="java.awt.headless" value="true"/>
    <property name="surefire.real.class.path" value="/Users/rosfranlinsborges/dev/customers-api/target/surefire/surefirebooter-20230614185041239_3.jar"/>
    <property name="sun.management.compiler" value="HotSpot 64-Bit Tiered Compilers"/>
    <property name="ftp.nonProxyHosts" value="local|*.local|169.254/16|*.169.254/16"/>
    <property name="java.runtime.version" value="17+0"/>
    <property name="user.name" value="rosfranlinsborges"/>
    <property name="path.separator" value=":"/>
    <property name="os.version" value="13.4"/>
    <property name="java.runtime.name" value="OpenJDK Runtime Environment"/>
    <property name="file.encoding" value="UTF-8"/>
    <property name="FILE_LOG_PATTERN" value="%d{yyyy-MM-dd HH:mm:ss.SSS} [%thread] %-5level %logger{36} - %msg%n"/>
    <property name="java.vm.name" value="OpenJDK 64-Bit Server VM"/>
    <property name="java.vendor.version" value="Homebrew"/>
    <property name="LOG_FILE" value="./logs/application.log"/>
    <property name="localRepository" value="/Users/rosfranlinsborges/.m2/repository"/>
    <property name="java.vendor.url.bug" value="https://github.com/Homebrew/homebrew-core/issues"/>
    <property name="java.io.tmpdir" value="/var/folders/bq/p5m8tn595zgbrljbvjq8z5cr0000gn/T/"/>
    <property name="com.zaxxer.hikari.pool_number" value="1"/>
    <property name="java.version" value="17"/>
    <property name="user.dir" value="/Users/rosfranlinsborges/dev/customers-api"/>
    <property name="os.arch" value="x86_64"/>
    <property name="java.vm.specification.name" value="Java Virtual Machine Specification"/>
    <property name="PID" value="39644"/>
    <property name="CONSOLE_LOG_CHARSET" value="UTF-8"/>
    <property name="native.encoding" value="UTF-8"/>
    <property name="java.library.path" value="/Users/rosfranlinsborges/Library/Java/Extensions:/Library/Java/Extensions:/Network/Library/Java/Extensions:/System/Library/Java/Extensions:/usr/lib/java:."/>
    <property name="java.vm.info" value="mixed mode, sharing"/>
    <property name="java.vendor" value="Homebrew"/>
    <property name="java.vm.version" value="17+0"/>
    <property name="sun.io.unicode.encoding" value="UnicodeBig"/>
    <property name="socksNonProxyHosts" value="local|*.local|169.254/16|*.169.254/16"/>
    <property name="java.class.version" value="61.0"/>
    <property name="CONSOLE_LOG_PATTERN" value="%clr(%d{yyyy-MM-dd HH:mm:ss.SSS}){blue} %clr(%-5p) %clr(39644){faint} %clr(---){faint} %clr([%8.15t]){faint} %clr(%-40.40logger{0}){cyan} %clr(:){faint} %clr(%m){faint}%n"/>
  </properties>
  <testcase name="findAll_Customer_Search_AgeGreaterThan16_should_return_3_Element_And_StatusIsOk" classname="com.hr.management.controller.CustomerControllerTest" time="1.973">
    <system-out><![CDATA[Hibernate: 
    select
        c1_0.id,
        c1_0.age,
        c1_0.created_at,
        c1_0.first_name,
        c1_0.last_name 
    from
        customer c1_0 
    where
        c1_0.age>? 
    order by
        c1_0.first_name offset ? rows fetch first ? rows only
Hibernate: 
    select
        a1_0.customer_id,
        a1_0.id,
        a1_0.city,
        a1_0.country,
        a1_0.number,
        a1_0.street_name 
    from
        address a1_0 
    where
        a1_0.customer_id=?
Hibernate: 
    select
        a1_0.customer_id,
        a1_0.id,
        a1_0.city,
        a1_0.country,
        a1_0.number,
        a1_0.street_name 
    from
        address a1_0 
    where
        a1_0.customer_id=?
Hibernate: 
    select
        a1_0.customer_id,
        a1_0.id,
        a1_0.city,
        a1_0.country,
        a1_0.number,
        a1_0.street_name 
    from
        address a1_0 
    where
        a1_0.customer_id=?

MockHttpServletRequest:
      HTTP Method = GET
      Request URI = /api/v1/customers/search
       Parameters = {}
          Headers = [Content-Type:"application/json;charset=UTF-8", Content-Length:"100"]
             Body = {"searchCriteriaList":[{"key":"age","value":16,"filter":"gt","dataOption":null}],"dataOption":"all"}
    Session Attrs = {}

Handler:
             Type = com.hr.management.controller.CustomerController
           Method = com.hr.management.controller.CustomerController#findAll(int, int, String, String, CustomerSearchDTO)

Async:
    Async started = false
     Async result = null

Resolved Exception:
             Type = null

ModelAndView:
        View name = null
             View = null
            Model = null

FlashMap:
       Attributes = null

MockHttpServletResponse:
           Status = 200
    Error message = null
          Headers = [Vary:"Origin", "Access-Control-Request-Method", "Access-Control-Request-Headers", Content-Type:"application/json", X-Content-Type-Options:"nosniff", X-XSS-Protection:"0", Cache-Control:"no-cache, no-store, max-age=0, must-revalidate", Pragma:"no-cache", Expires:"0", X-Frame-Options:"DENY"]
     Content type = application/json
             Body = {"message":"Success","data":[{"id":4,"firstName":"Eva","lastName":"van Dirk","age":89,"createdAt":"14.06.2023 18:51:15","addresses":[{"id":4,"streetName":"De Heldinnenlaan","city":"Utrecht","country":"Netherlands","number":8,"createdAt":null}]},{"id":1,"firstName":"Julia","lastName":"van Daan","age":32,"createdAt":"14.06.2023 18:51:15","addresses":[{"id":1,"streetName":"Top Naefflaan","city":"Amstelveen","country":"Netherlands","number":28,"createdAt":null}]},{"id":2,"firstName":"Lars","lastName":"von Trier","age":48,"createdAt":"14.06.2023 18:51:15","addresses":[{"id":2,"streetName":"Postjesweg","city":"Amsterdam","country":"Netherlands","number":121,"createdAt":null}]}],"page":0,"pageSize":10,"totalElements":3}
    Forwarded URL = null
   Redirected URL = null
          Cookies = []
]]></system-out>
  </testcase>
  <testcase name="create_And_PUT_Customer_Customers_Should_Return201_And_ThenPut200" classname="com.hr.management.controller.CustomerControllerTest" time="0.972">
    <system-out><![CDATA[Hibernate: 
    select
        c1_0.id 
    from
        customer c1_0 
    where
        c1_0.first_name=? 
        and c1_0.last_name=? fetch first ? rows only
Hibernate: 
    select
        nextval('sequence_customer')
Hibernate: 
    select
        nextval('sequence_address')
&amp#27;[34m2023-06-14 18:51:46.256&amp#27;[0;39m &amp#27;[32mINFO &amp#27;[0;39m &amp#27;[2m39644&amp#27;[0;39m &amp#27;[2m---&amp#27;[0;39m &amp#27;[2m[    main]&amp#27;[0;39m &amp#27;[36mCustomerService                         &amp#27;[0;39m &amp#27;[2m:&amp#27;[0;39m &amp#27;[2mCustomer is created&amp#27;[0;39m

MockHttpServletRequest:
      HTTP Method = POST
      Request URI = /api/v1/customers
       Parameters = {}
          Headers = [Content-Type:"application/json;charset=UTF-8", Content-Length:"295"]
             Body = {"id":null,"firstName":"Gepeto","lastName":"voor Naam","age":43,"createdAt":null,"addresses":[{"id":null,"streetName":"Top","city":"Amstelveen","country":null,"number":null,"createdAt":null},{"id":null,"streetName":"Postjesweg","city":"Amsterdam","country":null,"number":null,"createdAt":null}]}
    Session Attrs = {}

Handler:
             Type = com.hr.management.controller.CustomerController
           Method = com.hr.management.controller.CustomerController#create(CustomerRequest)

Async:
    Async started = false
     Async result = null

Resolved Exception:
             Type = null

ModelAndView:
        View name = null
             View = null
            Model = null

FlashMap:
       Attributes = null

MockHttpServletResponse:
           Status = 201
    Error message = null
          Headers = [Vary:"Origin", "Access-Control-Request-Method", "Access-Control-Request-Headers", Content-Type:"application/json", X-Content-Type-Options:"nosniff", X-XSS-Protection:"0", Cache-Control:"no-cache, no-store, max-age=0, must-revalidate", Pragma:"no-cache", Expires:"0", X-Frame-Options:"DENY"]
     Content type = application/json
             Body = {"message":"Success","data":{"id":5,"firstName":"Gepeto","lastName":"voor Naam","age":43,"createdAt":null,"addresses":[{"id":5,"streetName":"Top","city":"Amstelveen","country":null,"number":null,"createdAt":null},{"id":6,"streetName":"Postjesweg","city":"Amsterdam","country":null,"number":null,"createdAt":null}]}}
    Forwarded URL = null
   Redirected URL = null
          Cookies = []
&amp#27;[34m2023-06-14 18:51:46.475&amp#27;[0;39m &amp#27;[32mINFO &amp#27;[0;39m &amp#27;[2m39644&amp#27;[0;39m &amp#27;[2m---&amp#27;[0;39m &amp#27;[2m[    main]&amp#27;[0;39m &amp#27;[36mCustomerService                         &amp#27;[0;39m &amp#27;[2m:&amp#27;[0;39m &amp#27;[2mCustomer is updated&amp#27;[0;39m

MockHttpServletRequest:
      HTTP Method = PUT
      Request URI = /api/v1/customers
       Parameters = {}
          Headers = [Content-Type:"application/json;charset=UTF-8", Content-Length:"286"]
             Body = {"id":5,"firstName":"Marcos","lastName":"voor Naam","age":43,"createdAt":null,"addresses":[{"id":5,"streetName":"Top","city":"Amstelveen","country":null,"number":null,"createdAt":null},{"id":6,"streetName":"Postjesweg","city":"Amsterdam","country":null,"number":null,"createdAt":null}]}
    Session Attrs = {}

Handler:
             Type = com.hr.management.controller.CustomerController
           Method = com.hr.management.controller.CustomerController#update(CustomerRequest)

Async:
    Async started = false
     Async result = null

Resolved Exception:
             Type = null

ModelAndView:
        View name = null
             View = null
            Model = null

FlashMap:
       Attributes = null

MockHttpServletResponse:
           Status = 200
    Error message = null
          Headers = [Vary:"Origin", "Access-Control-Request-Method", "Access-Control-Request-Headers", Content-Type:"application/json", X-Content-Type-Options:"nosniff", X-XSS-Protection:"0", Cache-Control:"no-cache, no-store, max-age=0, must-revalidate", Pragma:"no-cache", Expires:"0", X-Frame-Options:"DENY"]
     Content type = application/json
             Body = {"message":"Success","data":{"id":5}}
    Forwarded URL = null
   Redirected URL = null
          Cookies = []
]]></system-out>
  </testcase>
  <testcase name="findById_should_returnStatusIsNotFound_when_IsNotFound" classname="com.hr.management.controller.CustomerControllerTest" time="0.348">
    <system-out><![CDATA[Hibernate: 
    select
        c1_0.id,
        c1_0.age,
        c1_0.created_at,
        c1_0.first_name,
        c1_0.last_name 
    from
        customer c1_0 
    where
        c1_0.id=?
&amp#27;[34m2023-06-14 18:51:46.863&amp#27;[0;39m &amp#27;[31mERROR&amp#27;[0;39m &amp#27;[2m39644&amp#27;[0;39m &amp#27;[2m---&amp#27;[0;39m &amp#27;[2m[    main]&amp#27;[0;39m &amp#27;[36mGlobalExceptionHandler                  &amp#27;[0;39m &amp#27;[2m:&amp#27;[0;39m &amp#27;[2mRequested element is not found&amp#27;[0;39m
com.hr.management.exception.NoSuchElementFoundException: Requested customer is not found
	at com.hr.management.service.CustomerService.lambda$findById$0(CustomerService.java:48)
	at java.base/java.util.Optional.orElseThrow(Optional.java:403)
	at com.hr.management.service.CustomerService.findById(CustomerService.java:48)
	at java.base/jdk.internal.reflect.NativeMethodAccessorImpl.invoke0(Native Method)
	at java.base/jdk.internal.reflect.NativeMethodAccessorImpl.invoke(NativeMethodAccessorImpl.java:77)
	at java.base/jdk.internal.reflect.DelegatingMethodAccessorImpl.invoke(DelegatingMethodAccessorImpl.java:43)
	at java.base/java.lang.reflect.Method.invoke(Method.java:568)
	at org.springframework.aop.support.AopUtils.invokeJoinpointUsingReflection(AopUtils.java:343)
	at org.springframework.aop.framework.CglibAopProxy$DynamicAdvisedInterceptor.intercept(CglibAopProxy.java:698)
	at com.hr.management.service.CustomerService$$SpringCGLIB$$0.findById(<generated>)
	at com.hr.management.controller.CustomerController.findById(CustomerController.java:54)
	at java.base/jdk.internal.reflect.NativeMethodAccessorImpl.invoke0(Native Method)
	at java.base/jdk.internal.reflect.NativeMethodAccessorImpl.invoke(NativeMethodAccessorImpl.java:77)
	at java.base/jdk.internal.reflect.DelegatingMethodAccessorImpl.invoke(DelegatingMethodAccessorImpl.java:43)
	at java.base/java.lang.reflect.Method.invoke(Method.java:568)
	at org.springframework.aop.support.AopUtils.invokeJoinpointUsingReflection(AopUtils.java:343)
	at org.springframework.aop.framework.ReflectiveMethodInvocation.invokeJoinpoint(ReflectiveMethodInvocation.java:196)
	at org.springframework.aop.framework.ReflectiveMethodInvocation.proceed(ReflectiveMethodInvocation.java:163)
	at org.springframework.aop.framework.CglibAopProxy$CglibMethodInvocation.proceed(CglibAopProxy.java:750)
	at org.springframework.security.authorization.method.AuthorizationManagerBeforeMethodInterceptor.invoke(AuthorizationManagerBeforeMethodInterceptor.java:199)
	at org.springframework.aop.framework.ReflectiveMethodInvocation.proceed(ReflectiveMethodInvocation.java:184)
	at org.springframework.aop.framework.CglibAopProxy$CglibMethodInvocation.proceed(CglibAopProxy.java:750)
	at org.springframework.aop.framework.CglibAopProxy$DynamicAdvisedInterceptor.intercept(CglibAopProxy.java:702)
	at com.hr.management.controller.CustomerController$$SpringCGLIB$$0.findById(<generated>)
	at java.base/jdk.internal.reflect.NativeMethodAccessorImpl.invoke0(Native Method)
	at java.base/jdk.internal.reflect.NativeMethodAccessorImpl.invoke(NativeMethodAccessorImpl.java:77)
	at java.base/jdk.internal.reflect.DelegatingMethodAccessorImpl.invoke(DelegatingMethodAccessorImpl.java:43)
	at java.base/java.lang.reflect.Method.invoke(Method.java:568)
	at org.springframework.web.method.support.InvocableHandlerMethod.doInvoke(InvocableHandlerMethod.java:207)
	at org.springframework.web.method.support.InvocableHandlerMethod.invokeForRequest(InvocableHandlerMethod.java:152)
	at org.springframework.web.servlet.mvc.method.annotation.ServletInvocableHandlerMethod.invokeAndHandle(ServletInvocableHandlerMethod.java:118)
	at org.springframework.web.servlet.mvc.method.annotation.RequestMappingHandlerAdapter.invokeHandlerMethod(RequestMappingHandlerAdapter.java:884)
	at org.springframework.web.servlet.mvc.method.annotation.RequestMappingHandlerAdapter.handleInternal(RequestMappingHandlerAdapter.java:797)
	at org.springframework.web.servlet.mvc.method.AbstractHandlerMethodAdapter.handle(AbstractHandlerMethodAdapter.java:87)
	at org.springframework.web.servlet.DispatcherServlet.doDispatch(DispatcherServlet.java:1081)
	at org.springframework.web.servlet.DispatcherServlet.doService(DispatcherServlet.java:974)
	at org.springframework.web.servlet.FrameworkServlet.processRequest(FrameworkServlet.java:1011)
	at org.springframework.web.servlet.FrameworkServlet.doGet(FrameworkServlet.java:903)
	at jakarta.servlet.http.HttpServlet.service(HttpServlet.java:564)
	at org.springframework.web.servlet.FrameworkServlet.service(FrameworkServlet.java:885)
	at org.springframework.test.web.servlet.TestDispatcherServlet.service(TestDispatcherServlet.java:72)
	at jakarta.servlet.http.HttpServlet.service(HttpServlet.java:658)
	at org.springframework.mock.web.MockFilterChain$ServletFilterProxy.doFilter(MockFilterChain.java:165)
	at org.springframework.mock.web.MockFilterChain.doFilter(MockFilterChain.java:132)
	at org.springframework.web.filter.OncePerRequestFilter.doFilter(OncePerRequestFilter.java:110)
	at org.springframework.mock.web.MockFilterChain.doFilter(MockFilterChain.java:132)
	at org.springframework.security.web.FilterChainProxy.lambda$doFilterInternal$3(FilterChainProxy.java:231)
	at org.springframework.security.web.FilterChainProxy$VirtualFilterChain.doFilter(FilterChainProxy.java:365)
	at org.springframework.security.web.access.intercept.AuthorizationFilter.doFilter(AuthorizationFilter.java:100)
	at org.springframework.security.web.FilterChainProxy$VirtualFilterChain.doFilter(FilterChainProxy.java:374)
	at org.springframework.security.web.access.ExceptionTranslationFilter.doFilter(ExceptionTranslationFilter.java:126)
	at org.springframework.security.web.access.ExceptionTranslationFilter.doFilter(ExceptionTranslationFilter.java:120)
	at org.springframework.security.web.FilterChainProxy$VirtualFilterChain.doFilter(FilterChainProxy.java:374)
	at org.springframework.security.web.session.SessionManagementFilter.doFilter(SessionManagementFilter.java:131)
	at org.springframework.security.web.session.SessionManagementFilter.doFilter(SessionManagementFilter.java:85)
	at org.springframework.security.web.FilterChainProxy$VirtualFilterChain.doFilter(FilterChainProxy.java:374)
	at org.springframework.security.web.authentication.AnonymousAuthenticationFilter.doFilter(AnonymousAuthenticationFilter.java:100)
	at org.springframework.security.web.FilterChainProxy$VirtualFilterChain.doFilter(FilterChainProxy.java:374)
	at org.springframework.security.web.servletapi.SecurityContextHolderAwareRequestFilter.doFilter(SecurityContextHolderAwareRequestFilter.java:179)
	at org.springframework.security.web.FilterChainProxy$VirtualFilterChain.doFilter(FilterChainProxy.java:374)
	at org.springframework.security.web.savedrequest.RequestCacheAwareFilter.doFilter(RequestCacheAwareFilter.java:63)
	at org.springframework.security.web.FilterChainProxy$VirtualFilterChain.doFilter(FilterChainProxy.java:374)
	at com.hr.management.security.AuthTokenFilter.doFilterInternal(AuthTokenFilter.java:54)
	at org.springframework.web.filter.OncePerRequestFilter.doFilter(OncePerRequestFilter.java:116)
	at org.springframework.security.web.FilterChainProxy$VirtualFilterChain.doFilter(FilterChainProxy.java:374)
	at org.springframework.security.web.authentication.logout.LogoutFilter.doFilter(LogoutFilter.java:107)
	at org.springframework.security.web.authentication.logout.LogoutFilter.doFilter(LogoutFilter.java:93)
	at org.springframework.security.web.FilterChainProxy$VirtualFilterChain.doFilter(FilterChainProxy.java:374)
	at org.springframework.web.filter.CorsFilter.doFilterInternal(CorsFilter.java:91)
	at org.springframework.web.filter.OncePerRequestFilter.doFilter(OncePerRequestFilter.java:116)
	at org.springframework.security.web.FilterChainProxy$VirtualFilterChain.doFilter(FilterChainProxy.java:374)
	at org.springframework.security.web.header.HeaderWriterFilter.doHeadersAfter(HeaderWriterFilter.java:90)
	at org.springframework.security.web.header.HeaderWriterFilter.doFilterInternal(HeaderWriterFilter.java:75)
	at org.springframework.web.filter.OncePerRequestFilter.doFilter(OncePerRequestFilter.java:116)
	at org.springframework.security.web.FilterChainProxy$VirtualFilterChain.doFilter(FilterChainProxy.java:374)
	at org.springframework.security.web.context.SecurityContextHolderFilter.doFilter(SecurityContextHolderFilter.java:82)
	at org.springframework.security.web.context.SecurityContextHolderFilter.doFilter(SecurityContextHolderFilter.java:69)
	at org.springframework.security.web.FilterChainProxy$VirtualFilterChain.doFilter(FilterChainProxy.java:374)
	at org.springframework.security.web.context.request.async.WebAsyncManagerIntegrationFilter.doFilterInternal(WebAsyncManagerIntegrationFilter.java:62)
	at org.springframework.web.filter.OncePerRequestFilter.doFilter(OncePerRequestFilter.java:116)
	at org.springframework.security.web.FilterChainProxy$VirtualFilterChain.doFilter(FilterChainProxy.java:374)
	at org.springframework.security.web.session.DisableEncodeUrlFilter.doFilterInternal(DisableEncodeUrlFilter.java:42)
	at org.springframework.web.filter.OncePerRequestFilter.doFilter(OncePerRequestFilter.java:116)
	at org.springframework.security.web.FilterChainProxy$VirtualFilterChain.doFilter(FilterChainProxy.java:374)
	at org.springframework.security.web.FilterChainProxy.doFilterInternal(FilterChainProxy.java:233)
	at org.springframework.security.web.FilterChainProxy.doFilter(FilterChainProxy.java:191)
	at org.springframework.web.filter.DelegatingFilterProxy.invokeDelegate(DelegatingFilterProxy.java:352)
	at org.springframework.web.filter.DelegatingFilterProxy.doFilter(DelegatingFilterProxy.java:268)
	at org.springframework.mock.web.MockFilterChain.doFilter(MockFilterChain.java:132)
	at org.springframework.web.filter.RequestContextFilter.doFilterInternal(RequestContextFilter.java:100)
	at org.springframework.web.filter.OncePerRequestFilter.doFilter(OncePerRequestFilter.java:116)
	at org.springframework.mock.web.MockFilterChain.doFilter(MockFilterChain.java:132)
	at org.springframework.web.filter.FormContentFilter.doFilterInternal(FormContentFilter.java:93)
	at org.springframework.web.filter.OncePerRequestFilter.doFilter(OncePerRequestFilter.java:116)
	at org.springframework.mock.web.MockFilterChain.doFilter(MockFilterChain.java:132)
	at org.springframework.web.filter.CharacterEncodingFilter.doFilterInternal(CharacterEncodingFilter.java:201)
	at org.springframework.web.filter.OncePerRequestFilter.doFilter(OncePerRequestFilter.java:116)
	at org.springframework.mock.web.MockFilterChain.doFilter(MockFilterChain.java:132)
	at org.springframework.test.web.servlet.MockMvc.perform(MockMvc.java:201)
	at com.hr.management.controller.CustomerControllerTest.findById_should_returnStatusIsNotFound_when_IsNotFound(CustomerControllerTest.java:62)
	at java.base/jdk.internal.reflect.NativeMethodAccessorImpl.invoke0(Native Method)
	at java.base/jdk.internal.reflect.NativeMethodAccessorImpl.invoke(NativeMethodAccessorImpl.java:77)
	at java.base/jdk.internal.reflect.DelegatingMethodAccessorImpl.invoke(DelegatingMethodAccessorImpl.java:43)
	at java.base/java.lang.reflect.Method.invoke(Method.java:568)
	at org.junit.platform.commons.util.ReflectionUtils.invokeMethod(ReflectionUtils.java:727)
	at org.junit.jupiter.engine.execution.MethodInvocation.proceed(MethodInvocation.java:60)
	at org.junit.jupiter.engine.execution.InvocationInterceptorChain$ValidatingInvocation.proceed(InvocationInterceptorChain.java:131)
	at org.junit.jupiter.engine.extension.TimeoutExtension.intercept(TimeoutExtension.java:156)
	at org.junit.jupiter.engine.extension.TimeoutExtension.interceptTestableMethod(TimeoutExtension.java:147)
	at org.junit.jupiter.engine.extension.TimeoutExtension.interceptTestMethod(TimeoutExtension.java:86)
	at org.junit.jupiter.engine.execution.InterceptingExecutableInvoker$ReflectiveInterceptorCall.lambda$ofVoidMethod$0(InterceptingExecutableInvoker.java:103)
	at org.junit.jupiter.engine.execution.InterceptingExecutableInvoker.lambda$invoke$0(InterceptingExecutableInvoker.java:93)
	at org.junit.jupiter.engine.execution.InvocationInterceptorChain$InterceptedInvocation.proceed(InvocationInterceptorChain.java:106)
	at org.junit.jupiter.engine.execution.InvocationInterceptorChain.proceed(InvocationInterceptorChain.java:64)
	at org.junit.jupiter.engine.execution.InvocationInterceptorChain.chainAndInvoke(InvocationInterceptorChain.java:45)
	at org.junit.jupiter.engine.execution.InvocationInterceptorChain.invoke(InvocationInterceptorChain.java:37)
	at org.junit.jupiter.engine.execution.InterceptingExecutableInvoker.invoke(InterceptingExecutableInvoker.java:92)
	at org.junit.jupiter.engine.execution.InterceptingExecutableInvoker.invoke(InterceptingExecutableInvoker.java:86)
	at org.junit.jupiter.engine.descriptor.TestMethodTestDescriptor.lambda$invokeTestMethod$7(TestMethodTestDescriptor.java:217)
	at org.junit.platform.engine.support.hierarchical.ThrowableCollector.execute(ThrowableCollector.java:73)
	at org.junit.jupiter.engine.descriptor.TestMethodTestDescriptor.invokeTestMethod(TestMethodTestDescriptor.java:213)
	at org.junit.jupiter.engine.descriptor.TestMethodTestDescriptor.execute(TestMethodTestDescriptor.java:138)
	at org.junit.jupiter.engine.descriptor.TestMethodTestDescriptor.execute(TestMethodTestDescriptor.java:68)
	at org.junit.platform.engine.support.hierarchical.NodeTestTask.lambda$executeRecursively$6(NodeTestTask.java:151)
	at org.junit.platform.engine.support.hierarchical.ThrowableCollector.execute(ThrowableCollector.java:73)
	at org.junit.platform.engine.support.hierarchical.NodeTestTask.lambda$executeRecursively$8(NodeTestTask.java:141)
	at org.junit.platform.engine.support.hierarchical.Node.around(Node.java:137)
	at org.junit.platform.engine.support.hierarchical.NodeTestTask.lambda$executeRecursively$9(NodeTestTask.java:139)
	at org.junit.platform.engine.support.hierarchical.ThrowableCollector.execute(ThrowableCollector.java:73)
	at org.junit.platform.engine.support.hierarchical.NodeTestTask.executeRecursively(NodeTestTask.java:138)
	at org.junit.platform.engine.support.hierarchical.NodeTestTask.execute(NodeTestTask.java:95)
	at java.base/java.util.ArrayList.forEach(ArrayList.java:1511)
	at org.junit.platform.engine.support.hierarchical.SameThreadHierarchicalTestExecutorService.invokeAll(SameThreadHierarchicalTestExecutorService.java:41)
	at org.junit.platform.engine.support.hierarchical.NodeTestTask.lambda$executeRecursively$6(NodeTestTask.java:155)
	at org.junit.platform.engine.support.hierarchical.ThrowableCollector.execute(ThrowableCollector.java:73)
	at org.junit.platform.engine.support.hierarchical.NodeTestTask.lambda$executeRecursively$8(NodeTestTask.java:141)
	at org.junit.platform.engine.support.hierarchical.Node.around(Node.java:137)
	at org.junit.platform.engine.support.hierarchical.NodeTestTask.lambda$executeRecursively$9(NodeTestTask.java:139)
	at org.junit.platform.engine.support.hierarchical.ThrowableCollector.execute(ThrowableCollector.java:73)
	at org.junit.platform.engine.support.hierarchical.NodeTestTask.executeRecursively(NodeTestTask.java:138)
	at org.junit.platform.engine.support.hierarchical.NodeTestTask.execute(NodeTestTask.java:95)
	at java.base/java.util.ArrayList.forEach(ArrayList.java:1511)
	at org.junit.platform.engine.support.hierarchical.SameThreadHierarchicalTestExecutorService.invokeAll(SameThreadHierarchicalTestExecutorService.java:41)
	at org.junit.platform.engine.support.hierarchical.NodeTestTask.lambda$executeRecursively$6(NodeTestTask.java:155)
	at org.junit.platform.engine.support.hierarchical.ThrowableCollector.execute(ThrowableCollector.java:73)
	at org.junit.platform.engine.support.hierarchical.NodeTestTask.lambda$executeRecursively$8(NodeTestTask.java:141)
	at org.junit.platform.engine.support.hierarchical.Node.around(Node.java:137)
	at org.junit.platform.engine.support.hierarchical.NodeTestTask.lambda$executeRecursively$9(NodeTestTask.java:139)
	at org.junit.platform.engine.support.hierarchical.ThrowableCollector.execute(ThrowableCollector.java:73)
	at org.junit.platform.engine.support.hierarchical.NodeTestTask.executeRecursively(NodeTestTask.java:138)
	at org.junit.platform.engine.support.hierarchical.NodeTestTask.execute(NodeTestTask.java:95)
	at org.junit.platform.engine.support.hierarchical.SameThreadHierarchicalTestExecutorService.submit(SameThreadHierarchicalTestExecutorService.java:35)
	at org.junit.platform.engine.support.hierarchical.HierarchicalTestExecutor.execute(HierarchicalTestExecutor.java:57)
	at org.junit.platform.engine.support.hierarchical.HierarchicalTestEngine.execute(HierarchicalTestEngine.java:54)
	at org.junit.platform.launcher.core.EngineExecutionOrchestrator.execute(EngineExecutionOrchestrator.java:147)
	at org.junit.platform.launcher.core.EngineExecutionOrchestrator.execute(EngineExecutionOrchestrator.java:127)
	at org.junit.platform.launcher.core.EngineExecutionOrchestrator.execute(EngineExecutionOrchestrator.java:90)
	at org.junit.platform.launcher.core.EngineExecutionOrchestrator.lambda$execute$0(EngineExecutionOrchestrator.java:55)
	at org.junit.platform.launcher.core.EngineExecutionOrchestrator.withInterceptedStreams(EngineExecutionOrchestrator.java:102)
	at org.junit.platform.launcher.core.EngineExecutionOrchestrator.execute(EngineExecutionOrchestrator.java:54)
	at org.junit.platform.launcher.core.DefaultLauncher.execute(DefaultLauncher.java:114)
	at org.junit.platform.launcher.core.DefaultLauncher.execute(DefaultLauncher.java:86)
	at org.junit.platform.launcher.core.DefaultLauncherSession$DelegatingLauncher.execute(DefaultLauncherSession.java:86)
	at org.apache.maven.surefire.junitplatform.LazyLauncher.execute(LazyLauncher.java:50)
	at org.apache.maven.surefire.junitplatform.JUnitPlatformProvider.execute(JUnitPlatformProvider.java:184)
	at org.apache.maven.surefire.junitplatform.JUnitPlatformProvider.invokeAllTests(JUnitPlatformProvider.java:148)
	at org.apache.maven.surefire.junitplatform.JUnitPlatformProvider.invoke(JUnitPlatformProvider.java:122)
	at org.apache.maven.surefire.booter.ForkedBooter.runSuitesInProcess(ForkedBooter.java:385)
	at org.apache.maven.surefire.booter.ForkedBooter.execute(ForkedBooter.java:162)
	at org.apache.maven.surefire.booter.ForkedBooter.run(ForkedBooter.java:507)
	at org.apache.maven.surefire.booter.ForkedBooter.main(ForkedBooter.java:495)

MockHttpServletRequest:
      HTTP Method = GET
      Request URI = /api/v1/customers/999
       Parameters = {}
          Headers = []
             Body = null
    Session Attrs = {}

Handler:
             Type = com.hr.management.controller.CustomerController
           Method = com.hr.management.controller.CustomerController#findById(long)

Async:
    Async started = false
     Async result = null

Resolved Exception:
             Type = com.hr.management.exception.NoSuchElementFoundException

ModelAndView:
        View name = null
             View = null
            Model = null

FlashMap:
       Attributes = null

MockHttpServletResponse:
           Status = 404
    Error message = null
          Headers = [Vary:"Origin", "Access-Control-Request-Method", "Access-Control-Request-Headers", Content-Type:"application/json", X-Content-Type-Options:"nosniff", X-XSS-Protection:"0", Cache-Control:"no-cache, no-store, max-age=0, must-revalidate", Pragma:"no-cache", Expires:"0", X-Frame-Options:"DENY"]
     Content type = application/json
             Body = {"status":404,"message":"Requested customer is not found"}
    Forwarded URL = null
   Redirected URL = null
          Cookies = []
]]></system-out>
  </testcase>
  <testcase name="create_Customer_Customers_Should_Return201" classname="com.hr.management.controller.CustomerControllerTest" time="0.152">
    <system-out><![CDATA[Hibernate: 
    select
        c1_0.id 
    from
        customer c1_0 
    where
        c1_0.first_name=? 
        and c1_0.last_name=? fetch first ? rows only
&amp#27;[34m2023-06-14 18:51:47.252&amp#27;[0;39m &amp#27;[32mINFO &amp#27;[0;39m &amp#27;[2m39644&amp#27;[0;39m &amp#27;[2m---&amp#27;[0;39m &amp#27;[2m[    main]&amp#27;[0;39m &amp#27;[36mCustomerService                         &amp#27;[0;39m &amp#27;[2m:&amp#27;[0;39m &amp#27;[2mCustomer is created&amp#27;[0;39m

MockHttpServletRequest:
      HTTP Method = POST
      Request URI = /api/v1/customers
       Parameters = {}
          Headers = [Content-Type:"application/json;charset=UTF-8", Content-Length:"294"]
             Body = {"id":null,"firstName":"Mikael","lastName":"van Dirk","age":43,"createdAt":null,"addresses":[{"id":null,"streetName":"Top","city":"Amstelveen","country":null,"number":null,"createdAt":null},{"id":null,"streetName":"Postjesweg","city":"Amsterdam","country":null,"number":null,"createdAt":null}]}
    Session Attrs = {}

Handler:
             Type = com.hr.management.controller.CustomerController
           Method = com.hr.management.controller.CustomerController#create(CustomerRequest)

Async:
    Async started = false
     Async result = null

Resolved Exception:
             Type = null

ModelAndView:
        View name = null
             View = null
            Model = null

FlashMap:
       Attributes = null

MockHttpServletResponse:
           Status = 201
    Error message = null
          Headers = [Vary:"Origin", "Access-Control-Request-Method", "Access-Control-Request-Headers", Content-Type:"application/json", X-Content-Type-Options:"nosniff", X-XSS-Protection:"0", Cache-Control:"no-cache, no-store, max-age=0, must-revalidate", Pragma:"no-cache", Expires:"0", X-Frame-Options:"DENY"]
     Content type = application/json
             Body = {"message":"Success","data":{"id":6,"firstName":"Mikael","lastName":"van Dirk","age":43,"createdAt":null,"addresses":[{"id":7,"streetName":"Top","city":"Amstelveen","country":null,"number":null,"createdAt":null},{"id":8,"streetName":"Postjesweg","city":"Amsterdam","country":null,"number":null,"createdAt":null}]}}
    Forwarded URL = null
   Redirected URL = null
          Cookies = []
]]></system-out>
  </testcase>
  <testcase name="findAll_Customer_Search_CheckContents_Customers_2_Customers" classname="com.hr.management.controller.CustomerControllerTest" time="0.345">
    <system-out><![CDATA[&amp#27;[34m2023-06-14 18:51:47.418&amp#27;[0;39m &amp#27;[32mINFO &amp#27;[0;39m &amp#27;[2m39644&amp#27;[0;39m &amp#27;[2m---&amp#27;[0;39m &amp#27;[2m[    main]&amp#27;[0;39m &amp#27;[36mCustomerSearch                          &amp#27;[0;39m &amp#27;[2m:&amp#27;[0;39m &amp#27;[2mcomparing CONTAINS origin SqmBasicValuedSimplePath(com.hr.management.model.Customer(177869424477222).addresses(177869459921897).{element}.streetName)&amp#27;[0;39m
Hibernate: 
    select
        c1_0.id,
        c1_0.age,
        c1_0.created_at,
        c1_0.first_name,
        c1_0.last_name 
    from
        customer c1_0 
    left join
        address a1_0 
            on c1_0.id=a1_0.customer_id 
    left join
        address a2_0 
            on c1_0.id=a2_0.customer_id 
    left join
        address a3_0 
            on c1_0.id=a3_0.customer_id 
    left join
        address a4_0 
            on c1_0.id=a4_0.customer_id 
    where
        lower(a2_0.street_name) like ? escape '' 
        or lower(a3_0.city) like ? escape '' 
        or lower(a4_0.country) like ? escape '' 
    order by
        c1_0.first_name offset ? rows fetch first ? rows only
Hibernate: 
    select
        a1_0.customer_id,
        a1_0.id,
        a1_0.city,
        a1_0.country,
        a1_0.number,
        a1_0.street_name 
    from
        address a1_0 
    where
        a1_0.customer_id=?

MockHttpServletRequest:
      HTTP Method = GET
      Request URI = /api/v1/customers/search
       Parameters = {}
          Headers = [Content-Type:"application/json;charset=UTF-8", Content-Length:"108"]
             Body = {"searchCriteriaList":[{"key":"address","value":"Naef","filter":"cn","dataOption":null}],"dataOption":"all"}
    Session Attrs = {}

Handler:
             Type = com.hr.management.controller.CustomerController
           Method = com.hr.management.controller.CustomerController#findAll(int, int, String, String, CustomerSearchDTO)

Async:
    Async started = false
     Async result = null

Resolved Exception:
             Type = null

ModelAndView:
        View name = null
             View = null
            Model = null

FlashMap:
       Attributes = null

MockHttpServletResponse:
           Status = 200
    Error message = null
          Headers = [Vary:"Origin", "Access-Control-Request-Method", "Access-Control-Request-Headers", Content-Type:"application/json", X-Content-Type-Options:"nosniff", X-XSS-Protection:"0", Cache-Control:"no-cache, no-store, max-age=0, must-revalidate", Pragma:"no-cache", Expires:"0", X-Frame-Options:"DENY"]
     Content type = application/json
             Body = {"message":"Success","data":[{"id":1,"firstName":"Julia","lastName":"van Daan","age":32,"createdAt":"14.06.2023 18:51:15","addresses":[{"id":1,"streetName":"Top Naefflaan","city":"Amstelveen","country":"Netherlands","number":28,"createdAt":null}]}],"page":0,"pageSize":10,"totalElements":1}
    Forwarded URL = null
   Redirected URL = null
          Cookies = []
]]></system-out>
  </testcase>
  <testcase name="findById_should_returnStatusIsOk_when_IsFound" classname="com.hr.management.controller.CustomerControllerTest" time="0.12">
    <system-out><![CDATA[Hibernate: 
    select
        c1_0.id,
        c1_0.age,
        c1_0.created_at,
        c1_0.first_name,
        c1_0.last_name 
    from
        customer c1_0 
    where
        c1_0.id=?
Hibernate: 
    select
        a1_0.customer_id,
        a1_0.id,
        a1_0.city,
        a1_0.country,
        a1_0.number,
        a1_0.street_name 
    from
        address a1_0 
    where
        a1_0.customer_id=?

MockHttpServletRequest:
      HTTP Method = GET
      Request URI = /api/v1/customers/1
       Parameters = {}
          Headers = []
             Body = null
    Session Attrs = {}

Handler:
             Type = com.hr.management.controller.CustomerController
           Method = com.hr.management.controller.CustomerController#findById(long)

Async:
    Async started = false
     Async result = null

Resolved Exception:
             Type = null

ModelAndView:
        View name = null
             View = null
            Model = null

FlashMap:
       Attributes = null

MockHttpServletResponse:
           Status = 200
    Error message = null
          Headers = [Vary:"Origin", "Access-Control-Request-Method", "Access-Control-Request-Headers", Content-Type:"application/json", X-Content-Type-Options:"nosniff", X-XSS-Protection:"0", Cache-Control:"no-cache, no-store, max-age=0, must-revalidate", Pragma:"no-cache", Expires:"0", X-Frame-Options:"DENY"]
     Content type = application/json
             Body = {"message":"Success","data":{"id":1,"firstName":"Julia","lastName":"van Daan","age":32,"createdAt":"14.06.2023 18:51:15","addresses":[{"id":1,"streetName":"Top Naefflaan","city":"Amstelveen","country":"Netherlands","number":28,"createdAt":null}]}}
    Forwarded URL = null
   Redirected URL = null
          Cookies = []
]]></system-out>
  </testcase>
  <testcase name="findAll_Customer_Search_CheckContents_Customers_should_returnStatusIsOk" classname="com.hr.management.controller.CustomerControllerTest" time="0.119">
    <system-out><![CDATA[Hibernate: 
    select
        c1_0.id,
        c1_0.age,
        c1_0.created_at,
        c1_0.first_name,
        c1_0.last_name 
    from
        customer c1_0 
    where
        c1_0.age<=? 
    order by
        c1_0.first_name offset ? rows fetch first ? rows only
Hibernate: 
    select
        a1_0.customer_id,
        a1_0.id,
        a1_0.city,
        a1_0.country,
        a1_0.number,
        a1_0.street_name 
    from
        address a1_0 
    where
        a1_0.customer_id=?

MockHttpServletRequest:
      HTTP Method = GET
      Request URI = /api/v1/customers/search
       Parameters = {}
          Headers = [Content-Type:"application/json;charset=UTF-8", Content-Length:"100"]
             Body = {"searchCriteriaList":[{"key":"age","value":15,"filter":"le","dataOption":null}],"dataOption":"all"}
    Session Attrs = {}

Handler:
             Type = com.hr.management.controller.CustomerController
           Method = com.hr.management.controller.CustomerController#findAll(int, int, String, String, CustomerSearchDTO)

Async:
    Async started = false
     Async result = null

Resolved Exception:
             Type = null

ModelAndView:
        View name = null
             View = null
            Model = null

FlashMap:
       Attributes = null

MockHttpServletResponse:
           Status = 200
    Error message = null
          Headers = [Vary:"Origin", "Access-Control-Request-Method", "Access-Control-Request-Headers", Content-Type:"application/json", X-Content-Type-Options:"nosniff", X-XSS-Protection:"0", Cache-Control:"no-cache, no-store, max-age=0, must-revalidate", Pragma:"no-cache", Expires:"0", X-Frame-Options:"DENY"]
     Content type = application/json
             Body = {"message":"Success","data":[{"id":3,"firstName":"Sem","lastName":"Japhe","age":15,"createdAt":"14.06.2023 18:51:15","addresses":[{"id":3,"streetName":"Ernstraat","city":"Amsterdam","country":"Netherlands","number":3,"createdAt":null}]}],"page":0,"pageSize":10,"totalElements":1}
    Forwarded URL = null
   Redirected URL = null
          Cookies = []
]]></system-out>
  </testcase>
  <testcase name="findAll_Customer_Search_AgeGreaterThan88_should_return_1_Element_And_StatusIsOk" classname="com.hr.management.controller.CustomerControllerTest" time="0.159">
    <system-out><![CDATA[Hibernate: 
    select
        c1_0.id,
        c1_0.age,
        c1_0.created_at,
        c1_0.first_name,
        c1_0.last_name 
    from
        customer c1_0 
    where
        c1_0.age>? 
    order by
        c1_0.first_name offset ? rows fetch first ? rows only
Hibernate: 
    select
        a1_0.customer_id,
        a1_0.id,
        a1_0.city,
        a1_0.country,
        a1_0.number,
        a1_0.street_name 
    from
        address a1_0 
    where
        a1_0.customer_id=?

MockHttpServletRequest:
      HTTP Method = GET
      Request URI = /api/v1/customers/search
       Parameters = {}
          Headers = [Content-Type:"application/json;charset=UTF-8", Content-Length:"100"]
             Body = {"searchCriteriaList":[{"key":"age","value":88,"filter":"gt","dataOption":null}],"dataOption":"all"}
    Session Attrs = {}

Handler:
             Type = com.hr.management.controller.CustomerController
           Method = com.hr.management.controller.CustomerController#findAll(int, int, String, String, CustomerSearchDTO)

Async:
    Async started = false
     Async result = null

Resolved Exception:
             Type = null

ModelAndView:
        View name = null
             View = null
            Model = null

FlashMap:
       Attributes = null

MockHttpServletResponse:
           Status = 200
    Error message = null
          Headers = [Vary:"Origin", "Access-Control-Request-Method", "Access-Control-Request-Headers", Content-Type:"application/json", X-Content-Type-Options:"nosniff", X-XSS-Protection:"0", Cache-Control:"no-cache, no-store, max-age=0, must-revalidate", Pragma:"no-cache", Expires:"0", X-Frame-Options:"DENY"]
     Content type = application/json
             Body = {"message":"Success","data":[{"id":4,"firstName":"Eva","lastName":"van Dirk","age":89,"createdAt":"14.06.2023 18:51:15","addresses":[{"id":4,"streetName":"De Heldinnenlaan","city":"Utrecht","country":"Netherlands","number":8,"createdAt":null}]}],"page":0,"pageSize":10,"totalElements":1}
    Forwarded URL = null
   Redirected URL = null
          Cookies = []
]]></system-out>
  </testcase>
  <testcase name="create_And_Get_Customer_Customers_Should_Return201_And_ThenGET200" classname="com.hr.management.controller.CustomerControllerTest" time="0.334">
    <system-out><![CDATA[Hibernate: 
    select
        c1_0.id 
    from
        customer c1_0 
    where
        c1_0.first_name=? 
        and c1_0.last_name=? fetch first ? rows only
Hibernate: 
    select
        nextval('sequence_address')
&amp#27;[34m2023-06-14 18:51:48.338&amp#27;[0;39m &amp#27;[32mINFO &amp#27;[0;39m &amp#27;[2m39644&amp#27;[0;39m &amp#27;[2m---&amp#27;[0;39m &amp#27;[2m[    main]&amp#27;[0;39m &amp#27;[36mCustomerService                         &amp#27;[0;39m &amp#27;[2m:&amp#27;[0;39m &amp#27;[2mCustomer is created&amp#27;[0;39m

MockHttpServletRequest:
      HTTP Method = POST
      Request URI = /api/v1/customers
       Parameters = {}
          Headers = [Content-Type:"application/json;charset=UTF-8", Accept:"application/json;charset=UTF-8", Content-Length:"294"]
             Body = {"id":null,"firstName":"Mikael","lastName":"van Dirk","age":43,"createdAt":null,"addresses":[{"id":null,"streetName":"Top","city":"Amstelveen","country":null,"number":null,"createdAt":null},{"id":null,"streetName":"Postjesweg","city":"Amsterdam","country":null,"number":null,"createdAt":null}]}
    Session Attrs = {}

Handler:
             Type = com.hr.management.controller.CustomerController
           Method = com.hr.management.controller.CustomerController#create(CustomerRequest)

Async:
    Async started = false
     Async result = null

Resolved Exception:
             Type = null

ModelAndView:
        View name = null
             View = null
            Model = null

FlashMap:
       Attributes = null

MockHttpServletResponse:
           Status = 201
    Error message = null
          Headers = [Vary:"Origin", "Access-Control-Request-Method", "Access-Control-Request-Headers", Content-Type:"application/json;charset=UTF-8", X-Content-Type-Options:"nosniff", X-XSS-Protection:"0", Cache-Control:"no-cache, no-store, max-age=0, must-revalidate", Pragma:"no-cache", Expires:"0", X-Frame-Options:"DENY"]
     Content type = application/json;charset=UTF-8
             Body = {"message":"Success","data":{"id":7,"firstName":"Mikael","lastName":"van Dirk","age":43,"createdAt":null,"addresses":[{"id":9,"streetName":"Top","city":"Amstelveen","country":null,"number":null,"createdAt":null},{"id":10,"streetName":"Postjesweg","city":"Amsterdam","country":null,"number":null,"createdAt":null}]}}
    Forwarded URL = null
   Redirected URL = null
          Cookies = []

MockHttpServletRequest:
      HTTP Method = GET
      Request URI = /api/v1/customers/7
       Parameters = {}
          Headers = []
             Body = null
    Session Attrs = {}

Handler:
             Type = com.hr.management.controller.CustomerController
           Method = com.hr.management.controller.CustomerController#findById(long)

Async:
    Async started = false
     Async result = null

Resolved Exception:
             Type = null

ModelAndView:
        View name = null
             View = null
            Model = null

FlashMap:
       Attributes = null

MockHttpServletResponse:
           Status = 200
    Error message = null
          Headers = [Vary:"Origin", "Access-Control-Request-Method", "Access-Control-Request-Headers", Content-Type:"application/json", X-Content-Type-Options:"nosniff", X-XSS-Protection:"0", Cache-Control:"no-cache, no-store, max-age=0, must-revalidate", Pragma:"no-cache", Expires:"0", X-Frame-Options:"DENY"]
     Content type = application/json
             Body = {"message":"Success","data":{"id":7,"firstName":"Mikael","lastName":"van Dirk","age":43,"createdAt":null,"addresses":[{"id":9,"streetName":"Top","city":"Amstelveen","country":null,"number":null,"createdAt":null},{"id":10,"streetName":"Postjesweg","city":"Amsterdam","country":null,"number":null,"createdAt":null}]}}
    Forwarded URL = null
   Redirected URL = null
          Cookies = []
]]></system-out>
  </testcase>
  <testcase name="create_And_Delete_Customer_Customers_Should_Return201_And_ThenDelete200" classname="com.hr.management.controller.CustomerControllerTest" time="0.166">
    <system-out><![CDATA[Hibernate: 
    select
        c1_0.id 
    from
        customer c1_0 
    where
        c1_0.first_name=? 
        and c1_0.last_name=? fetch first ? rows only
&amp#27;[34m2023-06-14 18:51:48.621&amp#27;[0;39m &amp#27;[32mINFO &amp#27;[0;39m &amp#27;[2m39644&amp#27;[0;39m &amp#27;[2m---&amp#27;[0;39m &amp#27;[2m[    main]&amp#27;[0;39m &amp#27;[36mCustomerService                         &amp#27;[0;39m &amp#27;[2m:&amp#27;[0;39m &amp#27;[2mCustomer is created&amp#27;[0;39m

MockHttpServletRequest:
      HTTP Method = POST
      Request URI = /api/v1/customers
       Parameters = {}
          Headers = [Content-Type:"application/json;charset=UTF-8", Content-Length:"292"]
             Body = {"id":null,"firstName":"Lino","lastName":"van Helm","age":43,"createdAt":null,"addresses":[{"id":null,"streetName":"Top","city":"Amstelveen","country":null,"number":null,"createdAt":null},{"id":null,"streetName":"Postjesweg","city":"Amsterdam","country":null,"number":null,"createdAt":null}]}
    Session Attrs = {}

Handler:
             Type = com.hr.management.controller.CustomerController
           Method = com.hr.management.controller.CustomerController#create(CustomerRequest)

Async:
    Async started = false
     Async result = null

Resolved Exception:
             Type = null

ModelAndView:
        View name = null
             View = null
            Model = null

FlashMap:
       Attributes = null

MockHttpServletResponse:
           Status = 201
    Error message = null
          Headers = [Vary:"Origin", "Access-Control-Request-Method", "Access-Control-Request-Headers", Content-Type:"application/json", X-Content-Type-Options:"nosniff", X-XSS-Protection:"0", Cache-Control:"no-cache, no-store, max-age=0, must-revalidate", Pragma:"no-cache", Expires:"0", X-Frame-Options:"DENY"]
     Content type = application/json
             Body = {"message":"Success","data":{"id":8,"firstName":"Lino","lastName":"van Helm","age":43,"createdAt":null,"addresses":[{"id":11,"streetName":"Top","city":"Amstelveen","country":null,"number":null,"createdAt":null},{"id":12,"streetName":"Postjesweg","city":"Amsterdam","country":null,"number":null,"createdAt":null}]}}
    Forwarded URL = null
   Redirected URL = null
          Cookies = []
&amp#27;[34m2023-06-14 18:51:48.689&amp#27;[0;39m &amp#27;[32mINFO &amp#27;[0;39m &amp#27;[2m39644&amp#27;[0;39m &amp#27;[2m---&amp#27;[0;39m &amp#27;[2m[    main]&amp#27;[0;39m &amp#27;[36mCustomerService                         &amp#27;[0;39m &amp#27;[2m:&amp#27;[0;39m &amp#27;[2mCustomer is deleted&amp#27;[0;39m

MockHttpServletRequest:
      HTTP Method = DELETE
      Request URI = /api/v1/customers/8
       Parameters = {}
          Headers = []
             Body = null
    Session Attrs = {}

Handler:
             Type = com.hr.management.controller.CustomerController
           Method = com.hr.management.controller.CustomerController#deleteById(long)

Async:
    Async started = false
     Async result = null

Resolved Exception:
             Type = null

ModelAndView:
        View name = null
             View = null
            Model = null

FlashMap:
       Attributes = null

MockHttpServletResponse:
           Status = 204
    Error message = null
          Headers = [Vary:"Origin", "Access-Control-Request-Method", "Access-Control-Request-Headers", X-Content-Type-Options:"nosniff", X-XSS-Protection:"0", Cache-Control:"no-cache, no-store, max-age=0, must-revalidate", Pragma:"no-cache", Expires:"0", X-Frame-Options:"DENY"]
     Content type = null
             Body = 
    Forwarded URL = null
   Redirected URL = null
          Cookies = []
]]></system-out>
  </testcase>
</testsuite>