<?xml version="1.0" encoding="UTF-8"?>
<testsuite xmlns:xsi="http://www.w3.org/2001/XMLSchema-instance" xsi:noNamespaceSchemaLocation="https://maven.apache.org/surefire/maven-surefire-plugin/xsd/surefire-test-report-3.0.xsd" version="3.0" name="com.hr.management.controller.UserControllerTest" time="54.832" tests="2" errors="0" skipped="0" failures="0">
  <properties>
    <property name="java.specification.version" value="17"/>
    <property name="sun.jnu.encoding" value="UTF-8"/>
    <property name="java.class.path" value="/Users/rosfranlinsborges/dev/customers-api/target/test-classes:/Users/rosfranlinsborges/dev/customers-api/target/classes:/Users/rosfranlinsborges/.m2/repository/org/springframework/boot/spring-boot-starter-data-jpa/3.1.0/spring-boot-starter-data-jpa-3.1.0.jar:/Users/rosfranlinsborges/.m2/repository/org/springframework/boot/spring-boot-starter-aop/3.1.0/spring-boot-starter-aop-3.1.0.jar:/Users/rosfranlinsborges/.m2/repository/org/aspectj/aspectjweaver/1.9.19/aspectjweaver-1.9.19.jar:/Users/rosfranlinsborges/.m2/repository/org/springframework/boot/spring-boot-starter-jdbc/3.1.0/spring-boot-starter-jdbc-3.1.0.jar:/Users/rosfranlinsborges/.m2/repository/com/zaxxer/HikariCP/5.0.1/HikariCP-5.0.1.jar:/Users/rosfranlinsborges/.m2/repository/org/springframework/spring-jdbc/6.0.9/spring-jdbc-6.0.9.jar:/Users/rosfranlinsborges/.m2/repository/org/hibernate/orm/hibernate-core/6.2.2.Final/hibernate-core-6.2.2.Final.jar:/Users/rosfranlinsborges/.m2/repository/jakarta/persistence/jakarta.persistence-api/3.1.0/jakarta.persistence-api-3.1.0.jar:/Users/rosfranlinsborges/.m2/repository/jakarta/transaction/jakarta.transaction-api/2.0.1/jakarta.transaction-api-2.0.1.jar:/Users/rosfranlinsborges/.m2/repository/org/jboss/logging/jboss-logging/3.5.0.Final/jboss-logging-3.5.0.Final.jar:/Users/rosfranlinsborges/.m2/repository/org/hibernate/common/hibernate-commons-annotations/6.0.6.Final/hibernate-commons-annotations-6.0.6.Final.jar:/Users/rosfranlinsborges/.m2/repository/io/smallrye/jandex/3.0.5/jandex-3.0.5.jar:/Users/rosfranlinsborges/.m2/repository/com/fasterxml/classmate/1.5.1/classmate-1.5.1.jar:/Users/rosfranlinsborges/.m2/repository/net/bytebuddy/byte-buddy/1.14.4/byte-buddy-1.14.4.jar:/Users/rosfranlinsborges/.m2/repository/org/glassfish/jaxb/jaxb-runtime/4.0.2/jaxb-runtime-4.0.2.jar:/Users/rosfranlinsborges/.m2/repository/org/glassfish/jaxb/jaxb-core/4.0.2/jaxb-core-4.0.2.jar:/Users/rosfranlinsborges/.m2/repository/org/eclipse/angus/angus-activation/2.0.0/angus-activation-2.0.0.jar:/Users/rosfranlinsborges/.m2/repository/org/glassfish/jaxb/txw2/4.0.2/txw2-4.0.2.jar:/Users/rosfranlinsborges/.m2/repository/com/sun/istack/istack-commons-runtime/4.1.1/istack-commons-runtime-4.1.1.jar:/Users/rosfranlinsborges/.m2/repository/jakarta/inject/jakarta.inject-api/2.0.1/jakarta.inject-api-2.0.1.jar:/Users/rosfranlinsborges/.m2/repository/org/antlr/antlr4-runtime/4.10.1/antlr4-runtime-4.10.1.jar:/Users/rosfranlinsborges/.m2/repository/org/springframework/data/spring-data-jpa/3.1.0/spring-data-jpa-3.1.0.jar:/Users/rosfranlinsborges/.m2/repository/org/springframework/data/spring-data-commons/3.1.0/spring-data-commons-3.1.0.jar:/Users/rosfranlinsborges/.m2/repository/org/springframework/spring-orm/6.0.9/spring-orm-6.0.9.jar:/Users/rosfranlinsborges/.m2/repository/org/springframework/spring-context/6.0.9/spring-context-6.0.9.jar:/Users/rosfranlinsborges/.m2/repository/org/springframework/spring-tx/6.0.9/spring-tx-6.0.9.jar:/Users/rosfranlinsborges/.m2/repository/org/springframework/spring-beans/6.0.9/spring-beans-6.0.9.jar:/Users/rosfranlinsborges/.m2/repository/jakarta/annotation/jakarta.annotation-api/2.1.1/jakarta.annotation-api-2.1.1.jar:/Users/rosfranlinsborges/.m2/repository/org/slf4j/slf4j-api/2.0.7/slf4j-api-2.0.7.jar:/Users/rosfranlinsborges/.m2/repository/org/springframework/spring-aspects/6.0.9/spring-aspects-6.0.9.jar:/Users/rosfranlinsborges/.m2/repository/org/springframework/boot/spring-boot-starter-web/3.1.0/spring-boot-starter-web-3.1.0.jar:/Users/rosfranlinsborges/.m2/repository/org/springframework/boot/spring-boot-starter/3.1.0/spring-boot-starter-3.1.0.jar:/Users/rosfranlinsborges/.m2/repository/org/springframework/boot/spring-boot-starter-logging/3.1.0/spring-boot-starter-logging-3.1.0.jar:/Users/rosfranlinsborges/.m2/repository/ch/qos/logback/logback-classic/1.4.7/logback-classic-1.4.7.jar:/Users/rosfranlinsborges/.m2/repository/ch/qos/logback/logback-core/1.4.7/logback-core-1.4.7.jar:/Users/rosfranlinsborges/.m2/repository/org/apache/logging/log4j/log4j-to-slf4j/2.20.0/log4j-to-slf4j-2.20.0.jar:/Users/rosfranlinsborges/.m2/repository/org/apache/logging/log4j/log4j-api/2.20.0/log4j-api-2.20.0.jar:/Users/rosfranlinsborges/.m2/repository/org/slf4j/jul-to-slf4j/2.0.7/jul-to-slf4j-2.0.7.jar:/Users/rosfranlinsborges/.m2/repository/org/yaml/snakeyaml/1.33/snakeyaml-1.33.jar:/Users/rosfranlinsborges/.m2/repository/org/springframework/boot/spring-boot-starter-json/3.1.0/spring-boot-starter-json-3.1.0.jar:/Users/rosfranlinsborges/.m2/repository/com/fasterxml/jackson/datatype/jackson-datatype-jdk8/2.15.0/jackson-datatype-jdk8-2.15.0.jar:/Users/rosfranlinsborges/.m2/repository/com/fasterxml/jackson/datatype/jackson-datatype-jsr310/2.15.0/jackson-datatype-jsr310-2.15.0.jar:/Users/rosfranlinsborges/.m2/repository/com/fasterxml/jackson/module/jackson-module-parameter-names/2.15.0/jackson-module-parameter-names-2.15.0.jar:/Users/rosfranlinsborges/.m2/repository/org/springframework/boot/spring-boot-starter-tomcat/3.1.0/spring-boot-starter-tomcat-3.1.0.jar:/Users/rosfranlinsborges/.m2/repository/org/apache/tomcat/embed/tomcat-embed-core/10.1.8/tomcat-embed-core-10.1.8.jar:/Users/rosfranlinsborges/.m2/repository/org/apache/tomcat/embed/tomcat-embed-websocket/10.1.8/tomcat-embed-websocket-10.1.8.jar:/Users/rosfranlinsborges/.m2/repository/org/springframework/spring-web/6.0.9/spring-web-6.0.9.jar:/Users/rosfranlinsborges/.m2/repository/io/micrometer/micrometer-observation/1.11.0/micrometer-observation-1.11.0.jar:/Users/rosfranlinsborges/.m2/repository/io/micrometer/micrometer-commons/1.11.0/micrometer-commons-1.11.0.jar:/Users/rosfranlinsborges/.m2/repository/org/springframework/spring-webmvc/6.0.9/spring-webmvc-6.0.9.jar:/Users/rosfranlinsborges/.m2/repository/org/springframework/spring-expression/6.0.9/spring-expression-6.0.9.jar:/Users/rosfranlinsborges/.m2/repository/org/springframework/boot/spring-boot-starter-data-elasticsearch/3.1.0/spring-boot-starter-data-elasticsearch-3.1.0.jar:/Users/rosfranlinsborges/.m2/repository/org/springframework/data/spring-data-elasticsearch/5.1.0/spring-data-elasticsearch-5.1.0.jar:/Users/rosfranlinsborges/.m2/repository/co/elastic/clients/elasticsearch-java/8.7.1/elasticsearch-java-8.7.1.jar:/Users/rosfranlinsborges/.m2/repository/com/google/code/findbugs/jsr305/3.0.2/jsr305-3.0.2.jar:/Users/rosfranlinsborges/.m2/repository/jakarta/json/jakarta.json-api/2.1.1/jakarta.json-api-2.1.1.jar:/Users/rosfranlinsborges/.m2/repository/org/eclipse/parsson/parsson/1.0.0/parsson-1.0.0.jar:/Users/rosfranlinsborges/.m2/repository/org/elasticsearch/client/elasticsearch-rest-client/8.7.1/elasticsearch-rest-client-8.7.1.jar:/Users/rosfranlinsborges/.m2/repository/org/apache/httpcomponents/httpclient/4.5.13/httpclient-4.5.13.jar:/Users/rosfranlinsborges/.m2/repository/org/apache/httpcomponents/httpcore/4.4.16/httpcore-4.4.16.jar:/Users/rosfranlinsborges/.m2/repository/org/apache/httpcomponents/httpasyncclient/4.1.5/httpasyncclient-4.1.5.jar:/Users/rosfranlinsborges/.m2/repository/org/apache/httpcomponents/httpcore-nio/4.4.16/httpcore-nio-4.4.16.jar:/Users/rosfranlinsborges/.m2/repository/commons-codec/commons-codec/1.15/commons-codec-1.15.jar:/Users/rosfranlinsborges/.m2/repository/com/fasterxml/jackson/core/jackson-core/2.15.0/jackson-core-2.15.0.jar:/Users/rosfranlinsborges/.m2/repository/org/springframework/boot/spring-boot-starter-webflux/3.1.0/spring-boot-starter-webflux-3.1.0.jar:/Users/rosfranlinsborges/.m2/repository/org/springframework/boot/spring-boot-starter-reactor-netty/3.1.0/spring-boot-starter-reactor-netty-3.1.0.jar:/Users/rosfranlinsborges/.m2/repository/io/projectreactor/netty/reactor-netty-http/1.1.7/reactor-netty-http-1.1.7.jar:/Users/rosfranlinsborges/.m2/repository/io/netty/netty-codec-http/4.1.92.Final/netty-codec-http-4.1.92.Final.jar:/Users/rosfranlinsborges/.m2/repository/io/netty/netty-common/4.1.92.Final/netty-common-4.1.92.Final.jar:/Users/rosfranlinsborges/.m2/repository/io/netty/netty-buffer/4.1.92.Final/netty-buffer-4.1.92.Final.jar:/Users/rosfranlinsborges/.m2/repository/io/netty/netty-transport/4.1.92.Final/netty-transport-4.1.92.Final.jar:/Users/rosfranlinsborges/.m2/repository/io/netty/netty-codec/4.1.92.Final/netty-codec-4.1.92.Final.jar:/Users/rosfranlinsborges/.m2/repository/io/netty/netty-handler/4.1.92.Final/netty-handler-4.1.92.Final.jar:/Users/rosfranlinsborges/.m2/repository/io/netty/netty-codec-http2/4.1.92.Final/netty-codec-http2-4.1.92.Final.jar:/Users/rosfranlinsborges/.m2/repository/io/netty/netty-resolver-dns/4.1.92.Final/netty-resolver-dns-4.1.92.Final.jar:/Users/rosfranlinsborges/.m2/repository/io/netty/netty-resolver/4.1.92.Final/netty-resolver-4.1.92.Final.jar:/Users/rosfranlinsborges/.m2/repository/io/netty/netty-codec-dns/4.1.92.Final/netty-codec-dns-4.1.92.Final.jar:/Users/rosfranlinsborges/.m2/repository/io/netty/netty-resolver-dns-native-macos/4.1.92.Final/netty-resolver-dns-native-macos-4.1.92.Final-osx-x86_64.jar:/Users/rosfranlinsborges/.m2/repository/io/netty/netty-resolver-dns-classes-macos/4.1.92.Final/netty-resolver-dns-classes-macos-4.1.92.Final.jar:/Users/rosfranlinsborges/.m2/repository/io/netty/netty-transport-native-epoll/4.1.92.Final/netty-transport-native-epoll-4.1.92.Final-linux-x86_64.jar:/Users/rosfranlinsborges/.m2/repository/io/netty/netty-transport-native-unix-common/4.1.92.Final/netty-transport-native-unix-common-4.1.92.Final.jar:/Users/rosfranlinsborges/.m2/repository/io/netty/netty-transport-classes-epoll/4.1.92.Final/netty-transport-classes-epoll-4.1.92.Final.jar:/Users/rosfranlinsborges/.m2/repository/io/projectreactor/netty/reactor-netty-core/1.1.7/reactor-netty-core-1.1.7.jar:/Users/rosfranlinsborges/.m2/repository/io/netty/netty-handler-proxy/4.1.92.Final/netty-handler-proxy-4.1.92.Final.jar:/Users/rosfranlinsborges/.m2/repository/io/netty/netty-codec-socks/4.1.92.Final/netty-codec-socks-4.1.92.Final.jar:/Users/rosfranlinsborges/.m2/repository/org/springframework/spring-webflux/6.0.9/spring-webflux-6.0.9.jar:/Users/rosfranlinsborges/.m2/repository/io/projectreactor/reactor-core/3.5.6/reactor-core-3.5.6.jar:/Users/rosfranlinsborges/.m2/repository/org/reactivestreams/reactive-streams/1.0.4/reactive-streams-1.0.4.jar:/Users/rosfranlinsborges/.m2/repository/org/springframework/boot/spring-boot-starter-security/3.1.0/spring-boot-starter-security-3.1.0.jar:/Users/rosfranlinsborges/.m2/repository/org/springframework/spring-aop/6.0.9/spring-aop-6.0.9.jar:/Users/rosfranlinsborges/.m2/repository/org/springframework/security/spring-security-config/6.1.0/spring-security-config-6.1.0.jar:/Users/rosfranlinsborges/.m2/repository/org/springframework/security/spring-security-web/6.1.0/spring-security-web-6.1.0.jar:/Users/rosfranlinsborges/.m2/repository/io/jsonwebtoken/jjwt/0.9.1/jjwt-0.9.1.jar:/Users/rosfranlinsborges/.m2/repository/com/fasterxml/jackson/core/jackson-databind/2.15.0/jackson-databind-2.15.0.jar:/Users/rosfranlinsborges/.m2/repository/com/fasterxml/jackson/core/jackson-annotations/2.15.0/jackson-annotations-2.15.0.jar:/Users/rosfranlinsborges/.m2/repository/javax/xml/bind/jaxb-api/2.3.1/jaxb-api-2.3.1.jar:/Users/rosfranlinsborges/.m2/repository/javax/activation/javax.activation-api/1.2.0/javax.activation-api-1.2.0.jar:/Users/rosfranlinsborges/.m2/repository/org/springframework/boot/spring-boot-starter-validation/3.0.4/spring-boot-starter-validation-3.0.4.jar:/Users/rosfranlinsborges/.m2/repository/org/apache/tomcat/embed/tomcat-embed-el/10.1.8/tomcat-embed-el-10.1.8.jar:/Users/rosfranlinsborges/.m2/repository/org/hibernate/validator/hibernate-validator/8.0.0.Final/hibernate-validator-8.0.0.Final.jar:/Users/rosfranlinsborges/.m2/repository/jakarta/validation/jakarta.validation-api/3.0.2/jakarta.validation-api-3.0.2.jar:/Users/rosfranlinsborges/.m2/repository/org/springframework/boot/spring-boot-devtools/3.1.0/spring-boot-devtools-3.1.0.jar:/Users/rosfranlinsborges/.m2/repository/org/springframework/boot/spring-boot/3.1.0/spring-boot-3.1.0.jar:/Users/rosfranlinsborges/.m2/repository/org/springframework/boot/spring-boot-autoconfigure/3.1.0/spring-boot-autoconfigure-3.1.0.jar:/Users/rosfranlinsborges/.m2/repository/org/apache/commons/commons-text/1.10.0/commons-text-1.10.0.jar:/Users/rosfranlinsborges/.m2/repository/org/apache/commons/commons-lang3/3.12.0/commons-lang3-3.12.0.jar:/Users/rosfranlinsborges/.m2/repository/org/projectlombok/lombok/1.18.26/lombok-1.18.26.jar:/Users/rosfranlinsborges/.m2/repository/org/mapstruct/mapstruct/1.5.3.Final/mapstruct-1.5.3.Final.jar:/Users/rosfranlinsborges/.m2/repository/org/springdoc/springdoc-openapi-starter-webmvc-ui/2.0.4/springdoc-openapi-starter-webmvc-ui-2.0.4.jar:/Users/rosfranlinsborges/.m2/repository/org/springdoc/springdoc-openapi-starter-webmvc-api/2.0.4/springdoc-openapi-starter-webmvc-api-2.0.4.jar:/Users/rosfranlinsborges/.m2/repository/org/springdoc/springdoc-openapi-starter-common/2.0.4/springdoc-openapi-starter-common-2.0.4.jar:/Users/rosfranlinsborges/.m2/repository/io/swagger/core/v3/swagger-core-jakarta/2.2.8/swagger-core-jakarta-2.2.8.jar:/Users/rosfranlinsborges/.m2/repository/io/swagger/core/v3/swagger-annotations-jakarta/2.2.8/swagger-annotations-jakarta-2.2.8.jar:/Users/rosfranlinsborges/.m2/repository/io/swagger/core/v3/swagger-models-jakarta/2.2.8/swagger-models-jakarta-2.2.8.jar:/Users/rosfranlinsborges/.m2/repository/com/fasterxml/jackson/dataformat/jackson-dataformat-yaml/2.15.0/jackson-dataformat-yaml-2.15.0.jar:/Users/rosfranlinsborges/.m2/repository/org/webjars/swagger-ui/4.18.1/swagger-ui-4.18.1.jar:/Users/rosfranlinsborges/.m2/repository/org/webjars/webjars-locator-core/0.52/webjars-locator-core-0.52.jar:/Users/rosfranlinsborges/.m2/repository/io/github/classgraph/classgraph/4.8.149/classgraph-4.8.149.jar:/Users/rosfranlinsborges/.m2/repository/org/flywaydb/flyway-core/9.15.2/flyway-core-9.15.2.jar:/Users/rosfranlinsborges/.m2/repository/com/fasterxml/jackson/dataformat/jackson-dataformat-toml/2.15.0/jackson-dataformat-toml-2.15.0.jar:/Users/rosfranlinsborges/.m2/repository/org/postgresql/postgresql/42.6.0/postgresql-42.6.0.jar:/Users/rosfranlinsborges/.m2/repository/org/checkerframework/checker-qual/3.31.0/checker-qual-3.31.0.jar:/Users/rosfranlinsborges/.m2/repository/org/springframework/boot/spring-boot-starter-test/3.1.0/spring-boot-starter-test-3.1.0.jar:/Users/rosfranlinsborges/.m2/repository/org/springframework/boot/spring-boot-test/3.1.0/spring-boot-test-3.1.0.jar:/Users/rosfranlinsborges/.m2/repository/org/springframework/boot/spring-boot-test-autoconfigure/3.1.0/spring-boot-test-autoconfigure-3.1.0.jar:/Users/rosfranlinsborges/.m2/repository/com/jayway/jsonpath/json-path/2.8.0/json-path-2.8.0.jar:/Users/rosfranlinsborges/.m2/repository/jakarta/xml/bind/jakarta.xml.bind-api/4.0.0/jakarta.xml.bind-api-4.0.0.jar:/Users/rosfranlinsborges/.m2/repository/jakarta/activation/jakarta.activation-api/2.1.2/jakarta.activation-api-2.1.2.jar:/Users/rosfranlinsborges/.m2/repository/net/minidev/json-smart/2.4.10/json-smart-2.4.10.jar:/Users/rosfranlinsborges/.m2/repository/net/minidev/accessors-smart/2.4.9/accessors-smart-2.4.9.jar:/Users/rosfranlinsborges/.m2/repository/org/ow2/asm/asm/9.3/asm-9.3.jar:/Users/rosfranlinsborges/.m2/repository/org/assertj/assertj-core/3.24.2/assertj-core-3.24.2.jar:/Users/rosfranlinsborges/.m2/repository/org/hamcrest/hamcrest/2.2/hamcrest-2.2.jar:/Users/rosfranlinsborges/.m2/repository/org/junit/jupiter/junit-jupiter/5.9.3/junit-jupiter-5.9.3.jar:/Users/rosfranlinsborges/.m2/repository/org/junit/jupiter/junit-jupiter-params/5.9.3/junit-jupiter-params-5.9.3.jar:/Users/rosfranlinsborges/.m2/repository/org/junit/jupiter/junit-jupiter-engine/5.9.3/junit-jupiter-engine-5.9.3.jar:/Users/rosfranlinsborges/.m2/repository/org/junit/platform/junit-platform-engine/1.9.3/junit-platform-engine-1.9.3.jar:/Users/rosfranlinsborges/.m2/repository/org/mockito/mockito-core/5.3.1/mockito-core-5.3.1.jar:/Users/rosfranlinsborges/.m2/repository/net/bytebuddy/byte-buddy-agent/1.14.4/byte-buddy-agent-1.14.4.jar:/Users/rosfranlinsborges/.m2/repository/org/objenesis/objenesis/3.3/objenesis-3.3.jar:/Users/rosfranlinsborges/.m2/repository/org/mockito/mockito-junit-jupiter/5.3.1/mockito-junit-jupiter-5.3.1.jar:/Users/rosfranlinsborges/.m2/repository/org/skyscreamer/jsonassert/1.5.1/jsonassert-1.5.1.jar:/Users/rosfranlinsborges/.m2/repository/com/vaadin/external/google/android-json/0.0.20131108.vaadin1/android-json-0.0.20131108.vaadin1.jar:/Users/rosfranlinsborges/.m2/repository/org/springframework/spring-core/6.0.9/spring-core-6.0.9.jar:/Users/rosfranlinsborges/.m2/repository/org/springframework/spring-jcl/6.0.9/spring-jcl-6.0.9.jar:/Users/rosfranlinsborges/.m2/repository/org/springframework/spring-test/6.0.9/spring-test-6.0.9.jar:/Users/rosfranlinsborges/.m2/repository/org/xmlunit/xmlunit-core/2.9.1/xmlunit-core-2.9.1.jar:/Users/rosfranlinsborges/.m2/repository/org/springframework/security/spring-security-test/6.0.2/spring-security-test-6.0.2.jar:/Users/rosfranlinsborges/.m2/repository/org/springframework/security/spring-security-core/6.1.0/spring-security-core-6.1.0.jar:/Users/rosfranlinsborges/.m2/repository/org/springframework/security/spring-security-crypto/6.1.0/spring-security-crypto-6.1.0.jar:/Users/rosfranlinsborges/.m2/repository/org/testcontainers/postgresql/1.17.6/postgresql-1.17.6.jar:/Users/rosfranlinsborges/.m2/repository/org/testcontainers/jdbc/1.17.6/jdbc-1.17.6.jar:/Users/rosfranlinsborges/.m2/repository/org/testcontainers/database-commons/1.17.6/database-commons-1.17.6.jar:/Users/rosfranlinsborges/.m2/repository/org/testcontainers/junit-jupiter/1.17.6/junit-jupiter-1.17.6.jar:/Users/rosfranlinsborges/.m2/repository/org/testcontainers/testcontainers/1.17.6/testcontainers-1.17.6.jar:/Users/rosfranlinsborges/.m2/repository/junit/junit/4.13.2/junit-4.13.2.jar:/Users/rosfranlinsborges/.m2/repository/org/hamcrest/hamcrest-core/2.2/hamcrest-core-2.2.jar:/Users/rosfranlinsborges/.m2/repository/org/apache/commons/commons-compress/1.22/commons-compress-1.22.jar:/Users/rosfranlinsborges/.m2/repository/org/rnorth/duct-tape/duct-tape/1.0.8/duct-tape-1.0.8.jar:/Users/rosfranlinsborges/.m2/repository/org/jetbrains/annotations/17.0.0/annotations-17.0.0.jar:/Users/rosfranlinsborges/.m2/repository/com/github/docker-java/docker-java-api/3.2.13/docker-java-api-3.2.13.jar:/Users/rosfranlinsborges/.m2/repository/com/github/docker-java/docker-java-transport-zerodep/3.2.13/docker-java-transport-zerodep-3.2.13.jar:/Users/rosfranlinsborges/.m2/repository/com/github/docker-java/docker-java-transport/3.2.13/docker-java-transport-3.2.13.jar:/Users/rosfranlinsborges/.m2/repository/net/java/dev/jna/jna/5.8.0/jna-5.8.0.jar:/Users/rosfranlinsborges/.m2/repository/org/junit/jupiter/junit-jupiter-api/5.9.3/junit-jupiter-api-5.9.3.jar:/Users/rosfranlinsborges/.m2/repository/org/opentest4j/opentest4j/1.2.0/opentest4j-1.2.0.jar:/Users/rosfranlinsborges/.m2/repository/org/junit/platform/junit-platform-commons/1.9.3/junit-platform-commons-1.9.3.jar:/Users/rosfranlinsborges/.m2/repository/org/apiguardian/apiguardian-api/1.1.2/apiguardian-api-1.1.2.jar:"/>
    <property name="java.vm.vendor" value="Homebrew"/>
    <property name="sun.arch.data.model" value="64"/>
    <property name="java.vendor.url" value="https://github.com/Homebrew/homebrew-core/issues"/>
    <property name="user.timezone" value="Europe/Amsterdam"/>
    <property name="org.jboss.logging.provider" value="slf4j"/>
    <property name="os.name" value="Mac OS X"/>
    <property name="java.vm.specification.version" value="17"/>
    <property name="user.country" value="BR"/>
    <property name="sun.java.launcher" value="SUN_STANDARD"/>
    <property name="sun.boot.library.path" value="/usr/local/Cellar/openjdk/17/libexec/openjdk.jdk/Contents/Home/lib"/>
    <property name="sun.java.command" value="/Users/rosfranlinsborges/dev/customers-api/target/surefire/surefirebooter-20230614185041239_3.jar /Users/rosfranlinsborges/dev/customers-api/target/surefire 2023-06-14T18-50-40_978-jvmRun1 surefire-20230614185041239_1tmp surefire_0-20230614185041239_2tmp"/>
    <property name="http.nonProxyHosts" value="local|*.local|169.254/16|*.169.254/16"/>
    <property name="jdk.debug" value="release"/>
    <property name="surefire.test.class.path" value="/Users/rosfranlinsborges/dev/customers-api/target/test-classes:/Users/rosfranlinsborges/dev/customers-api/target/classes:/Users/rosfranlinsborges/.m2/repository/org/springframework/boot/spring-boot-starter-data-jpa/3.1.0/spring-boot-starter-data-jpa-3.1.0.jar:/Users/rosfranlinsborges/.m2/repository/org/springframework/boot/spring-boot-starter-aop/3.1.0/spring-boot-starter-aop-3.1.0.jar:/Users/rosfranlinsborges/.m2/repository/org/aspectj/aspectjweaver/1.9.19/aspectjweaver-1.9.19.jar:/Users/rosfranlinsborges/.m2/repository/org/springframework/boot/spring-boot-starter-jdbc/3.1.0/spring-boot-starter-jdbc-3.1.0.jar:/Users/rosfranlinsborges/.m2/repository/com/zaxxer/HikariCP/5.0.1/HikariCP-5.0.1.jar:/Users/rosfranlinsborges/.m2/repository/org/springframework/spring-jdbc/6.0.9/spring-jdbc-6.0.9.jar:/Users/rosfranlinsborges/.m2/repository/org/hibernate/orm/hibernate-core/6.2.2.Final/hibernate-core-6.2.2.Final.jar:/Users/rosfranlinsborges/.m2/repository/jakarta/persistence/jakarta.persistence-api/3.1.0/jakarta.persistence-api-3.1.0.jar:/Users/rosfranlinsborges/.m2/repository/jakarta/transaction/jakarta.transaction-api/2.0.1/jakarta.transaction-api-2.0.1.jar:/Users/rosfranlinsborges/.m2/repository/org/jboss/logging/jboss-logging/3.5.0.Final/jboss-logging-3.5.0.Final.jar:/Users/rosfranlinsborges/.m2/repository/org/hibernate/common/hibernate-commons-annotations/6.0.6.Final/hibernate-commons-annotations-6.0.6.Final.jar:/Users/rosfranlinsborges/.m2/repository/io/smallrye/jandex/3.0.5/jandex-3.0.5.jar:/Users/rosfranlinsborges/.m2/repository/com/fasterxml/classmate/1.5.1/classmate-1.5.1.jar:/Users/rosfranlinsborges/.m2/repository/net/bytebuddy/byte-buddy/1.14.4/byte-buddy-1.14.4.jar:/Users/rosfranlinsborges/.m2/repository/org/glassfish/jaxb/jaxb-runtime/4.0.2/jaxb-runtime-4.0.2.jar:/Users/rosfranlinsborges/.m2/repository/org/glassfish/jaxb/jaxb-core/4.0.2/jaxb-core-4.0.2.jar:/Users/rosfranlinsborges/.m2/repository/org/eclipse/angus/angus-activation/2.0.0/angus-activation-2.0.0.jar:/Users/rosfranlinsborges/.m2/repository/org/glassfish/jaxb/txw2/4.0.2/txw2-4.0.2.jar:/Users/rosfranlinsborges/.m2/repository/com/sun/istack/istack-commons-runtime/4.1.1/istack-commons-runtime-4.1.1.jar:/Users/rosfranlinsborges/.m2/repository/jakarta/inject/jakarta.inject-api/2.0.1/jakarta.inject-api-2.0.1.jar:/Users/rosfranlinsborges/.m2/repository/org/antlr/antlr4-runtime/4.10.1/antlr4-runtime-4.10.1.jar:/Users/rosfranlinsborges/.m2/repository/org/springframework/data/spring-data-jpa/3.1.0/spring-data-jpa-3.1.0.jar:/Users/rosfranlinsborges/.m2/repository/org/springframework/data/spring-data-commons/3.1.0/spring-data-commons-3.1.0.jar:/Users/rosfranlinsborges/.m2/repository/org/springframework/spring-orm/6.0.9/spring-orm-6.0.9.jar:/Users/rosfranlinsborges/.m2/repository/org/springframework/spring-context/6.0.9/spring-context-6.0.9.jar:/Users/rosfranlinsborges/.m2/repository/org/springframework/spring-tx/6.0.9/spring-tx-6.0.9.jar:/Users/rosfranlinsborges/.m2/repository/org/springframework/spring-beans/6.0.9/spring-beans-6.0.9.jar:/Users/rosfranlinsborges/.m2/repository/jakarta/annotation/jakarta.annotation-api/2.1.1/jakarta.annotation-api-2.1.1.jar:/Users/rosfranlinsborges/.m2/repository/org/slf4j/slf4j-api/2.0.7/slf4j-api-2.0.7.jar:/Users/rosfranlinsborges/.m2/repository/org/springframework/spring-aspects/6.0.9/spring-aspects-6.0.9.jar:/Users/rosfranlinsborges/.m2/repository/org/springframework/boot/spring-boot-starter-web/3.1.0/spring-boot-starter-web-3.1.0.jar:/Users/rosfranlinsborges/.m2/repository/org/springframework/boot/spring-boot-starter/3.1.0/spring-boot-starter-3.1.0.jar:/Users/rosfranlinsborges/.m2/repository/org/springframework/boot/spring-boot-starter-logging/3.1.0/spring-boot-starter-logging-3.1.0.jar:/Users/rosfranlinsborges/.m2/repository/ch/qos/logback/logback-classic/1.4.7/logback-classic-1.4.7.jar:/Users/rosfranlinsborges/.m2/repository/ch/qos/logback/logback-core/1.4.7/logback-core-1.4.7.jar:/Users/rosfranlinsborges/.m2/repository/org/apache/logging/log4j/log4j-to-slf4j/2.20.0/log4j-to-slf4j-2.20.0.jar:/Users/rosfranlinsborges/.m2/repository/org/apache/logging/log4j/log4j-api/2.20.0/log4j-api-2.20.0.jar:/Users/rosfranlinsborges/.m2/repository/org/slf4j/jul-to-slf4j/2.0.7/jul-to-slf4j-2.0.7.jar:/Users/rosfranlinsborges/.m2/repository/org/yaml/snakeyaml/1.33/snakeyaml-1.33.jar:/Users/rosfranlinsborges/.m2/repository/org/springframework/boot/spring-boot-starter-json/3.1.0/spring-boot-starter-json-3.1.0.jar:/Users/rosfranlinsborges/.m2/repository/com/fasterxml/jackson/datatype/jackson-datatype-jdk8/2.15.0/jackson-datatype-jdk8-2.15.0.jar:/Users/rosfranlinsborges/.m2/repository/com/fasterxml/jackson/datatype/jackson-datatype-jsr310/2.15.0/jackson-datatype-jsr310-2.15.0.jar:/Users/rosfranlinsborges/.m2/repository/com/fasterxml/jackson/module/jackson-module-parameter-names/2.15.0/jackson-module-parameter-names-2.15.0.jar:/Users/rosfranlinsborges/.m2/repository/org/springframework/boot/spring-boot-starter-tomcat/3.1.0/spring-boot-starter-tomcat-3.1.0.jar:/Users/rosfranlinsborges/.m2/repository/org/apache/tomcat/embed/tomcat-embed-core/10.1.8/tomcat-embed-core-10.1.8.jar:/Users/rosfranlinsborges/.m2/repository/org/apache/tomcat/embed/tomcat-embed-websocket/10.1.8/tomcat-embed-websocket-10.1.8.jar:/Users/rosfranlinsborges/.m2/repository/org/springframework/spring-web/6.0.9/spring-web-6.0.9.jar:/Users/rosfranlinsborges/.m2/repository/io/micrometer/micrometer-observation/1.11.0/micrometer-observation-1.11.0.jar:/Users/rosfranlinsborges/.m2/repository/io/micrometer/micrometer-commons/1.11.0/micrometer-commons-1.11.0.jar:/Users/rosfranlinsborges/.m2/repository/org/springframework/spring-webmvc/6.0.9/spring-webmvc-6.0.9.jar:/Users/rosfranlinsborges/.m2/repository/org/springframework/spring-expression/6.0.9/spring-expression-6.0.9.jar:/Users/rosfranlinsborges/.m2/repository/org/springframework/boot/spring-boot-starter-data-elasticsearch/3.1.0/spring-boot-starter-data-elasticsearch-3.1.0.jar:/Users/rosfranlinsborges/.m2/repository/org/springframework/data/spring-data-elasticsearch/5.1.0/spring-data-elasticsearch-5.1.0.jar:/Users/rosfranlinsborges/.m2/repository/co/elastic/clients/elasticsearch-java/8.7.1/elasticsearch-java-8.7.1.jar:/Users/rosfranlinsborges/.m2/repository/com/google/code/findbugs/jsr305/3.0.2/jsr305-3.0.2.jar:/Users/rosfranlinsborges/.m2/repository/jakarta/json/jakarta.json-api/2.1.1/jakarta.json-api-2.1.1.jar:/Users/rosfranlinsborges/.m2/repository/org/eclipse/parsson/parsson/1.0.0/parsson-1.0.0.jar:/Users/rosfranlinsborges/.m2/repository/org/elasticsearch/client/elasticsearch-rest-client/8.7.1/elasticsearch-rest-client-8.7.1.jar:/Users/rosfranlinsborges/.m2/repository/org/apache/httpcomponents/httpclient/4.5.13/httpclient-4.5.13.jar:/Users/rosfranlinsborges/.m2/repository/org/apache/httpcomponents/httpcore/4.4.16/httpcore-4.4.16.jar:/Users/rosfranlinsborges/.m2/repository/org/apache/httpcomponents/httpasyncclient/4.1.5/httpasyncclient-4.1.5.jar:/Users/rosfranlinsborges/.m2/repository/org/apache/httpcomponents/httpcore-nio/4.4.16/httpcore-nio-4.4.16.jar:/Users/rosfranlinsborges/.m2/repository/commons-codec/commons-codec/1.15/commons-codec-1.15.jar:/Users/rosfranlinsborges/.m2/repository/com/fasterxml/jackson/core/jackson-core/2.15.0/jackson-core-2.15.0.jar:/Users/rosfranlinsborges/.m2/repository/org/springframework/boot/spring-boot-starter-webflux/3.1.0/spring-boot-starter-webflux-3.1.0.jar:/Users/rosfranlinsborges/.m2/repository/org/springframework/boot/spring-boot-starter-reactor-netty/3.1.0/spring-boot-starter-reactor-netty-3.1.0.jar:/Users/rosfranlinsborges/.m2/repository/io/projectreactor/netty/reactor-netty-http/1.1.7/reactor-netty-http-1.1.7.jar:/Users/rosfranlinsborges/.m2/repository/io/netty/netty-codec-http/4.1.92.Final/netty-codec-http-4.1.92.Final.jar:/Users/rosfranlinsborges/.m2/repository/io/netty/netty-common/4.1.92.Final/netty-common-4.1.92.Final.jar:/Users/rosfranlinsborges/.m2/repository/io/netty/netty-buffer/4.1.92.Final/netty-buffer-4.1.92.Final.jar:/Users/rosfranlinsborges/.m2/repository/io/netty/netty-transport/4.1.92.Final/netty-transport-4.1.92.Final.jar:/Users/rosfranlinsborges/.m2/repository/io/netty/netty-codec/4.1.92.Final/netty-codec-4.1.92.Final.jar:/Users/rosfranlinsborges/.m2/repository/io/netty/netty-handler/4.1.92.Final/netty-handler-4.1.92.Final.jar:/Users/rosfranlinsborges/.m2/repository/io/netty/netty-codec-http2/4.1.92.Final/netty-codec-http2-4.1.92.Final.jar:/Users/rosfranlinsborges/.m2/repository/io/netty/netty-resolver-dns/4.1.92.Final/netty-resolver-dns-4.1.92.Final.jar:/Users/rosfranlinsborges/.m2/repository/io/netty/netty-resolver/4.1.92.Final/netty-resolver-4.1.92.Final.jar:/Users/rosfranlinsborges/.m2/repository/io/netty/netty-codec-dns/4.1.92.Final/netty-codec-dns-4.1.92.Final.jar:/Users/rosfranlinsborges/.m2/repository/io/netty/netty-resolver-dns-native-macos/4.1.92.Final/netty-resolver-dns-native-macos-4.1.92.Final-osx-x86_64.jar:/Users/rosfranlinsborges/.m2/repository/io/netty/netty-resolver-dns-classes-macos/4.1.92.Final/netty-resolver-dns-classes-macos-4.1.92.Final.jar:/Users/rosfranlinsborges/.m2/repository/io/netty/netty-transport-native-epoll/4.1.92.Final/netty-transport-native-epoll-4.1.92.Final-linux-x86_64.jar:/Users/rosfranlinsborges/.m2/repository/io/netty/netty-transport-native-unix-common/4.1.92.Final/netty-transport-native-unix-common-4.1.92.Final.jar:/Users/rosfranlinsborges/.m2/repository/io/netty/netty-transport-classes-epoll/4.1.92.Final/netty-transport-classes-epoll-4.1.92.Final.jar:/Users/rosfranlinsborges/.m2/repository/io/projectreactor/netty/reactor-netty-core/1.1.7/reactor-netty-core-1.1.7.jar:/Users/rosfranlinsborges/.m2/repository/io/netty/netty-handler-proxy/4.1.92.Final/netty-handler-proxy-4.1.92.Final.jar:/Users/rosfranlinsborges/.m2/repository/io/netty/netty-codec-socks/4.1.92.Final/netty-codec-socks-4.1.92.Final.jar:/Users/rosfranlinsborges/.m2/repository/org/springframework/spring-webflux/6.0.9/spring-webflux-6.0.9.jar:/Users/rosfranlinsborges/.m2/repository/io/projectreactor/reactor-core/3.5.6/reactor-core-3.5.6.jar:/Users/rosfranlinsborges/.m2/repository/org/reactivestreams/reactive-streams/1.0.4/reactive-streams-1.0.4.jar:/Users/rosfranlinsborges/.m2/repository/org/springframework/boot/spring-boot-starter-security/3.1.0/spring-boot-starter-security-3.1.0.jar:/Users/rosfranlinsborges/.m2/repository/org/springframework/spring-aop/6.0.9/spring-aop-6.0.9.jar:/Users/rosfranlinsborges/.m2/repository/org/springframework/security/spring-security-config/6.1.0/spring-security-config-6.1.0.jar:/Users/rosfranlinsborges/.m2/repository/org/springframework/security/spring-security-web/6.1.0/spring-security-web-6.1.0.jar:/Users/rosfranlinsborges/.m2/repository/io/jsonwebtoken/jjwt/0.9.1/jjwt-0.9.1.jar:/Users/rosfranlinsborges/.m2/repository/com/fasterxml/jackson/core/jackson-databind/2.15.0/jackson-databind-2.15.0.jar:/Users/rosfranlinsborges/.m2/repository/com/fasterxml/jackson/core/jackson-annotations/2.15.0/jackson-annotations-2.15.0.jar:/Users/rosfranlinsborges/.m2/repository/javax/xml/bind/jaxb-api/2.3.1/jaxb-api-2.3.1.jar:/Users/rosfranlinsborges/.m2/repository/javax/activation/javax.activation-api/1.2.0/javax.activation-api-1.2.0.jar:/Users/rosfranlinsborges/.m2/repository/org/springframework/boot/spring-boot-starter-validation/3.0.4/spring-boot-starter-validation-3.0.4.jar:/Users/rosfranlinsborges/.m2/repository/org/apache/tomcat/embed/tomcat-embed-el/10.1.8/tomcat-embed-el-10.1.8.jar:/Users/rosfranlinsborges/.m2/repository/org/hibernate/validator/hibernate-validator/8.0.0.Final/hibernate-validator-8.0.0.Final.jar:/Users/rosfranlinsborges/.m2/repository/jakarta/validation/jakarta.validation-api/3.0.2/jakarta.validation-api-3.0.2.jar:/Users/rosfranlinsborges/.m2/repository/org/springframework/boot/spring-boot-devtools/3.1.0/spring-boot-devtools-3.1.0.jar:/Users/rosfranlinsborges/.m2/repository/org/springframework/boot/spring-boot/3.1.0/spring-boot-3.1.0.jar:/Users/rosfranlinsborges/.m2/repository/org/springframework/boot/spring-boot-autoconfigure/3.1.0/spring-boot-autoconfigure-3.1.0.jar:/Users/rosfranlinsborges/.m2/repository/org/apache/commons/commons-text/1.10.0/commons-text-1.10.0.jar:/Users/rosfranlinsborges/.m2/repository/org/apache/commons/commons-lang3/3.12.0/commons-lang3-3.12.0.jar:/Users/rosfranlinsborges/.m2/repository/org/projectlombok/lombok/1.18.26/lombok-1.18.26.jar:/Users/rosfranlinsborges/.m2/repository/org/mapstruct/mapstruct/1.5.3.Final/mapstruct-1.5.3.Final.jar:/Users/rosfranlinsborges/.m2/repository/org/springdoc/springdoc-openapi-starter-webmvc-ui/2.0.4/springdoc-openapi-starter-webmvc-ui-2.0.4.jar:/Users/rosfranlinsborges/.m2/repository/org/springdoc/springdoc-openapi-starter-webmvc-api/2.0.4/springdoc-openapi-starter-webmvc-api-2.0.4.jar:/Users/rosfranlinsborges/.m2/repository/org/springdoc/springdoc-openapi-starter-common/2.0.4/springdoc-openapi-starter-common-2.0.4.jar:/Users/rosfranlinsborges/.m2/repository/io/swagger/core/v3/swagger-core-jakarta/2.2.8/swagger-core-jakarta-2.2.8.jar:/Users/rosfranlinsborges/.m2/repository/io/swagger/core/v3/swagger-annotations-jakarta/2.2.8/swagger-annotations-jakarta-2.2.8.jar:/Users/rosfranlinsborges/.m2/repository/io/swagger/core/v3/swagger-models-jakarta/2.2.8/swagger-models-jakarta-2.2.8.jar:/Users/rosfranlinsborges/.m2/repository/com/fasterxml/jackson/dataformat/jackson-dataformat-yaml/2.15.0/jackson-dataformat-yaml-2.15.0.jar:/Users/rosfranlinsborges/.m2/repository/org/webjars/swagger-ui/4.18.1/swagger-ui-4.18.1.jar:/Users/rosfranlinsborges/.m2/repository/org/webjars/webjars-locator-core/0.52/webjars-locator-core-0.52.jar:/Users/rosfranlinsborges/.m2/repository/io/github/classgraph/classgraph/4.8.149/classgraph-4.8.149.jar:/Users/rosfranlinsborges/.m2/repository/org/flywaydb/flyway-core/9.15.2/flyway-core-9.15.2.jar:/Users/rosfranlinsborges/.m2/repository/com/fasterxml/jackson/dataformat/jackson-dataformat-toml/2.15.0/jackson-dataformat-toml-2.15.0.jar:/Users/rosfranlinsborges/.m2/repository/org/postgresql/postgresql/42.6.0/postgresql-42.6.0.jar:/Users/rosfranlinsborges/.m2/repository/org/checkerframework/checker-qual/3.31.0/checker-qual-3.31.0.jar:/Users/rosfranlinsborges/.m2/repository/org/springframework/boot/spring-boot-starter-test/3.1.0/spring-boot-starter-test-3.1.0.jar:/Users/rosfranlinsborges/.m2/repository/org/springframework/boot/spring-boot-test/3.1.0/spring-boot-test-3.1.0.jar:/Users/rosfranlinsborges/.m2/repository/org/springframework/boot/spring-boot-test-autoconfigure/3.1.0/spring-boot-test-autoconfigure-3.1.0.jar:/Users/rosfranlinsborges/.m2/repository/com/jayway/jsonpath/json-path/2.8.0/json-path-2.8.0.jar:/Users/rosfranlinsborges/.m2/repository/jakarta/xml/bind/jakarta.xml.bind-api/4.0.0/jakarta.xml.bind-api-4.0.0.jar:/Users/rosfranlinsborges/.m2/repository/jakarta/activation/jakarta.activation-api/2.1.2/jakarta.activation-api-2.1.2.jar:/Users/rosfranlinsborges/.m2/repository/net/minidev/json-smart/2.4.10/json-smart-2.4.10.jar:/Users/rosfranlinsborges/.m2/repository/net/minidev/accessors-smart/2.4.9/accessors-smart-2.4.9.jar:/Users/rosfranlinsborges/.m2/repository/org/ow2/asm/asm/9.3/asm-9.3.jar:/Users/rosfranlinsborges/.m2/repository/org/assertj/assertj-core/3.24.2/assertj-core-3.24.2.jar:/Users/rosfranlinsborges/.m2/repository/org/hamcrest/hamcrest/2.2/hamcrest-2.2.jar:/Users/rosfranlinsborges/.m2/repository/org/junit/jupiter/junit-jupiter/5.9.3/junit-jupiter-5.9.3.jar:/Users/rosfranlinsborges/.m2/repository/org/junit/jupiter/junit-jupiter-params/5.9.3/junit-jupiter-params-5.9.3.jar:/Users/rosfranlinsborges/.m2/repository/org/junit/jupiter/junit-jupiter-engine/5.9.3/junit-jupiter-engine-5.9.3.jar:/Users/rosfranlinsborges/.m2/repository/org/junit/platform/junit-platform-engine/1.9.3/junit-platform-engine-1.9.3.jar:/Users/rosfranlinsborges/.m2/repository/org/mockito/mockito-core/5.3.1/mockito-core-5.3.1.jar:/Users/rosfranlinsborges/.m2/repository/net/bytebuddy/byte-buddy-agent/1.14.4/byte-buddy-agent-1.14.4.jar:/Users/rosfranlinsborges/.m2/repository/org/objenesis/objenesis/3.3/objenesis-3.3.jar:/Users/rosfranlinsborges/.m2/repository/org/mockito/mockito-junit-jupiter/5.3.1/mockito-junit-jupiter-5.3.1.jar:/Users/rosfranlinsborges/.m2/repository/org/skyscreamer/jsonassert/1.5.1/jsonassert-1.5.1.jar:/Users/rosfranlinsborges/.m2/repository/com/vaadin/external/google/android-json/0.0.20131108.vaadin1/android-json-0.0.20131108.vaadin1.jar:/Users/rosfranlinsborges/.m2/repository/org/springframework/spring-core/6.0.9/spring-core-6.0.9.jar:/Users/rosfranlinsborges/.m2/repository/org/springframework/spring-jcl/6.0.9/spring-jcl-6.0.9.jar:/Users/rosfranlinsborges/.m2/repository/org/springframework/spring-test/6.0.9/spring-test-6.0.9.jar:/Users/rosfranlinsborges/.m2/repository/org/xmlunit/xmlunit-core/2.9.1/xmlunit-core-2.9.1.jar:/Users/rosfranlinsborges/.m2/repository/org/springframework/security/spring-security-test/6.0.2/spring-security-test-6.0.2.jar:/Users/rosfranlinsborges/.m2/repository/org/springframework/security/spring-security-core/6.1.0/spring-security-core-6.1.0.jar:/Users/rosfranlinsborges/.m2/repository/org/springframework/security/spring-security-crypto/6.1.0/spring-security-crypto-6.1.0.jar:/Users/rosfranlinsborges/.m2/repository/org/testcontainers/postgresql/1.17.6/postgresql-1.17.6.jar:/Users/rosfranlinsborges/.m2/repository/org/testcontainers/jdbc/1.17.6/jdbc-1.17.6.jar:/Users/rosfranlinsborges/.m2/repository/org/testcontainers/database-commons/1.17.6/database-commons-1.17.6.jar:/Users/rosfranlinsborges/.m2/repository/org/testcontainers/junit-jupiter/1.17.6/junit-jupiter-1.17.6.jar:/Users/rosfranlinsborges/.m2/repository/org/testcontainers/testcontainers/1.17.6/testcontainers-1.17.6.jar:/Users/rosfranlinsborges/.m2/repository/junit/junit/4.13.2/junit-4.13.2.jar:/Users/rosfranlinsborges/.m2/repository/org/hamcrest/hamcrest-core/2.2/hamcrest-core-2.2.jar:/Users/rosfranlinsborges/.m2/repository/org/apache/commons/commons-compress/1.22/commons-compress-1.22.jar:/Users/rosfranlinsborges/.m2/repository/org/rnorth/duct-tape/duct-tape/1.0.8/duct-tape-1.0.8.jar:/Users/rosfranlinsborges/.m2/repository/org/jetbrains/annotations/17.0.0/annotations-17.0.0.jar:/Users/rosfranlinsborges/.m2/repository/com/github/docker-java/docker-java-api/3.2.13/docker-java-api-3.2.13.jar:/Users/rosfranlinsborges/.m2/repository/com/github/docker-java/docker-java-transport-zerodep/3.2.13/docker-java-transport-zerodep-3.2.13.jar:/Users/rosfranlinsborges/.m2/repository/com/github/docker-java/docker-java-transport/3.2.13/docker-java-transport-3.2.13.jar:/Users/rosfranlinsborges/.m2/repository/net/java/dev/jna/jna/5.8.0/jna-5.8.0.jar:/Users/rosfranlinsborges/.m2/repository/org/junit/jupiter/junit-jupiter-api/5.9.3/junit-jupiter-api-5.9.3.jar:/Users/rosfranlinsborges/.m2/repository/org/opentest4j/opentest4j/1.2.0/opentest4j-1.2.0.jar:/Users/rosfranlinsborges/.m2/repository/org/junit/platform/junit-platform-commons/1.9.3/junit-platform-commons-1.9.3.jar:/Users/rosfranlinsborges/.m2/repository/org/apiguardian/apiguardian-api/1.1.2/apiguardian-api-1.1.2.jar:"/>
    <property name="sun.cpu.endian" value="little"/>
    <property name="user.home" value="/Users/rosfranlinsborges"/>
    <property name="user.language" value="pt"/>
    <property name="java.specification.vendor" value="Oracle Corporation"/>
    <property name="java.version.date" value="2021-09-14"/>
    <property name="java.home" value="/usr/local/Cellar/openjdk/17/libexec/openjdk.jdk/Contents/Home"/>
    <property name="file.separator" value="/"/>
    <property name="basedir" value="/Users/rosfranlinsborges/dev/customers-api"/>
    <property name="java.vm.compressedOopsMode" value="Zero based"/>
    <property name="line.separator" value="&#10;"/>
    <property name="java.vm.specification.vendor" value="Oracle Corporation"/>
    <property name="java.specification.name" value="Java Platform API Specification"/>
    <property name="FILE_LOG_CHARSET" value="UTF-8"/>
    <property name="java.awt.headless" value="true"/>
    <property name="surefire.real.class.path" value="/Users/rosfranlinsborges/dev/customers-api/target/surefire/surefirebooter-20230614185041239_3.jar"/>
    <property name="sun.management.compiler" value="HotSpot 64-Bit Tiered Compilers"/>
    <property name="ftp.nonProxyHosts" value="local|*.local|169.254/16|*.169.254/16"/>
    <property name="java.runtime.version" value="17+0"/>
    <property name="user.name" value="rosfranlinsborges"/>
    <property name="path.separator" value=":"/>
    <property name="os.version" value="13.4"/>
    <property name="java.runtime.name" value="OpenJDK Runtime Environment"/>
    <property name="file.encoding" value="UTF-8"/>
    <property name="FILE_LOG_PATTERN" value="%d{yyyy-MM-dd HH:mm:ss.SSS} [%thread] %-5level %logger{36} - %msg%n"/>
    <property name="java.vm.name" value="OpenJDK 64-Bit Server VM"/>
    <property name="java.vendor.version" value="Homebrew"/>
    <property name="LOG_FILE" value="./logs/application.log"/>
    <property name="localRepository" value="/Users/rosfranlinsborges/.m2/repository"/>
    <property name="java.vendor.url.bug" value="https://github.com/Homebrew/homebrew-core/issues"/>
    <property name="java.io.tmpdir" value="/var/folders/bq/p5m8tn595zgbrljbvjq8z5cr0000gn/T/"/>
    <property name="com.zaxxer.hikari.pool_number" value="1"/>
    <property name="java.version" value="17"/>
    <property name="user.dir" value="/Users/rosfranlinsborges/dev/customers-api"/>
    <property name="os.arch" value="x86_64"/>
    <property name="java.vm.specification.name" value="Java Virtual Machine Specification"/>
    <property name="PID" value="39644"/>
    <property name="CONSOLE_LOG_CHARSET" value="UTF-8"/>
    <property name="native.encoding" value="UTF-8"/>
    <property name="java.library.path" value="/Users/rosfranlinsborges/Library/Java/Extensions:/Library/Java/Extensions:/Network/Library/Java/Extensions:/System/Library/Java/Extensions:/usr/lib/java:."/>
    <property name="java.vm.info" value="mixed mode, sharing"/>
    <property name="java.vendor" value="Homebrew"/>
    <property name="java.vm.version" value="17+0"/>
    <property name="sun.io.unicode.encoding" value="UnicodeBig"/>
    <property name="socksNonProxyHosts" value="local|*.local|169.254/16|*.169.254/16"/>
    <property name="java.class.version" value="61.0"/>
    <property name="CONSOLE_LOG_PATTERN" value="%clr(%d{yyyy-MM-dd HH:mm:ss.SSS}){blue} %clr(%-5p) %clr(39644){faint} %clr(---){faint} %clr([%8.15t]){faint} %clr(%-40.40logger{0}){cyan} %clr(:){faint} %clr(%m){faint}%n"/>
  </properties>
  <testcase name="findUserById_should_returnStatusIsOk_when_IsFound" classname="com.hr.management.controller.UserControllerTest" time="2.793">
    <system-out><![CDATA[18:50:48.574 [main] INFO org.springframework.test.context.support.AnnotationConfigContextLoaderUtils -- Could not detect default configuration classes for test class [com.hr.management.controller.UserControllerTest]: UserControllerTest does not declare any static, non-private, non-final, nested classes annotated with @Configuration.
18:50:48.915 [main] INFO org.springframework.boot.test.context.SpringBootTestContextBootstrapper -- Found @SpringBootConfiguration com.hr.management.CustomerManagerApplication for test class com.hr.management.controller.UserControllerTest
--- Customers API ---
&amp#27;[34m2023-06-14 18:50:50.307&amp#27;[0;39m &amp#27;[32mINFO &amp#27;[0;39m &amp#27;[2m39644&amp#27;[0;39m &amp#27;[2m---&amp#27;[0;39m &amp#27;[2m[    main]&amp#27;[0;39m &amp#27;[36mUserControllerTest                      &amp#27;[0;39m &amp#27;[2m:&amp#27;[0;39m &amp#27;[2mStarting UserControllerTest using Java 17 with PID 39644 (started by rosfranlinsborges in /Users/rosfranlinsborges/dev/customers-api)&amp#27;[0;39m
&amp#27;[34m2023-06-14 18:50:50.310&amp#27;[0;39m &amp#27;[32mINFO &amp#27;[0;39m &amp#27;[2m39644&amp#27;[0;39m &amp#27;[2m---&amp#27;[0;39m &amp#27;[2m[    main]&amp#27;[0;39m &amp#27;[36mUserControllerTest                      &amp#27;[0;39m &amp#27;[2m:&amp#27;[0;39m &amp#27;[2mThe following 1 profile is active: "test"&amp#27;[0;39m
&amp#27;[34m2023-06-14 18:50:58.248&amp#27;[0;39m &amp#27;[32mINFO &amp#27;[0;39m &amp#27;[2m39644&amp#27;[0;39m &amp#27;[2m---&amp#27;[0;39m &amp#27;[2m[    main]&amp#27;[0;39m &amp#27;[36mVersionPrinter                          &amp#27;[0;39m &amp#27;[2m:&amp#27;[0;39m &amp#27;[2mFlyway Community Edition 9.15.2 by Redgate&amp#27;[0;39m
&amp#27;[34m2023-06-14 18:50:58.250&amp#27;[0;39m &amp#27;[32mINFO &amp#27;[0;39m &amp#27;[2m39644&amp#27;[0;39m &amp#27;[2m---&amp#27;[0;39m &amp#27;[2m[    main]&amp#27;[0;39m &amp#27;[36mVersionPrinter                          &amp#27;[0;39m &amp#27;[2m:&amp#27;[0;39m &amp#27;[2mSee release notes here: https://rd.gt/416ObMi&amp#27;[0;39m
&amp#27;[34m2023-06-14 18:50:58.251&amp#27;[0;39m &amp#27;[32mINFO &amp#27;[0;39m &amp#27;[2m39644&amp#27;[0;39m &amp#27;[2m---&amp#27;[0;39m &amp#27;[2m[    main]&amp#27;[0;39m &amp#27;[36mVersionPrinter                          &amp#27;[0;39m &amp#27;[2m:&amp#27;[0;39m &amp#27;[2m&amp#27;[0;39m
&amp#27;[34m2023-06-14 18:50:58.336&amp#27;[0;39m &amp#27;[32mINFO &amp#27;[0;39m &amp#27;[2m39644&amp#27;[0;39m &amp#27;[2m---&amp#27;[0;39m &amp#27;[2m[    main]&amp#27;[0;39m &amp#27;[36mHikariDataSource                        &amp#27;[0;39m &amp#27;[2m:&amp#27;[0;39m &amp#27;[2mHikariPool-1 - Starting...&amp#27;[0;39m
&amp#27;[34m2023-06-14 18:50:58.746&amp#27;[0;39m &amp#27;[32mINFO &amp#27;[0;39m &amp#27;[2m39644&amp#27;[0;39m &amp#27;[2m---&amp#27;[0;39m &amp#27;[2m[    main]&amp#27;[0;39m &amp#27;[36mImageNameSubstitutor                    &amp#27;[0;39m &amp#27;[2m:&amp#27;[0;39m &amp#27;[2mImage name substitution will be performed by: DefaultImageNameSubstitutor (composite of 'ConfigurationFileImageNameSubstitutor' and 'PrefixingImageNameSubstitutor')&amp#27;[0;39m
&amp#27;[34m2023-06-14 18:50:58.948&amp#27;[0;39m &amp#27;[32mINFO &amp#27;[0;39m &amp#27;[2m39644&amp#27;[0;39m &amp#27;[2m---&amp#27;[0;39m &amp#27;[2m[    main]&amp#27;[0;39m &amp#27;[36mDockerClientProviderStrategy            &amp#27;[0;39m &amp#27;[2m:&amp#27;[0;39m &amp#27;[2mLoaded org.testcontainers.dockerclient.UnixSocketClientProviderStrategy from ~/.testcontainers.properties, will try it first&amp#27;[0;39m
&amp#27;[34m2023-06-14 18:51:03.746&amp#27;[0;39m &amp#27;[32mINFO &amp#27;[0;39m &amp#27;[2m39644&amp#27;[0;39m &amp#27;[2m---&amp#27;[0;39m &amp#27;[2m[    main]&amp#27;[0;39m &amp#27;[36mDockerClientProviderStrategy            &amp#27;[0;39m &amp#27;[2m:&amp#27;[0;39m &amp#27;[2mFound Docker environment with local Unix socket (unix:///var/run/docker.sock)&amp#27;[0;39m
&amp#27;[34m2023-06-14 18:51:03.753&amp#27;[0;39m &amp#27;[32mINFO &amp#27;[0;39m &amp#27;[2m39644&amp#27;[0;39m &amp#27;[2m---&amp#27;[0;39m &amp#27;[2m[    main]&amp#27;[0;39m &amp#27;[36mDockerClientFactory                     &amp#27;[0;39m &amp#27;[2m:&amp#27;[0;39m &amp#27;[2mDocker host IP address is localhost&amp#27;[0;39m
&amp#27;[34m2023-06-14 18:51:03.832&amp#27;[0;39m &amp#27;[32mINFO &amp#27;[0;39m &amp#27;[2m39644&amp#27;[0;39m &amp#27;[2m---&amp#27;[0;39m &amp#27;[2m[    main]&amp#27;[0;39m &amp#27;[36mDockerClientFactory                     &amp#27;[0;39m &amp#27;[2m:&amp#27;[0;39m &amp#27;[2mConnected to docker: 
  Server Version: 24.0.2
  API Version: 1.43
  Operating System: Docker Desktop
  Total Memory: 1985 MB&amp#27;[0;39m
&amp#27;[34m2023-06-14 18:51:03.981&amp#27;[0;39m &amp#27;[32mINFO &amp#27;[0;39m &amp#27;[2m39644&amp#27;[0;39m &amp#27;[2m---&amp#27;[0;39m &amp#27;[2m[    main]&amp#27;[0;39m &amp#27;[36m4]                                      &amp#27;[0;39m &amp#27;[2m:&amp#27;[0;39m &amp#27;[2mCreating container for image: testcontainers/ryuk:0.3.4&amp#27;[0;39m
&amp#27;[34m2023-06-14 18:51:05.860&amp#27;[0;39m &amp#27;[32mINFO &amp#27;[0;39m &amp#27;[2m39644&amp#27;[0;39m &amp#27;[2m---&amp#27;[0;39m &amp#27;[2m[    main]&amp#27;[0;39m &amp#27;[36mRegistryAuthLocator                     &amp#27;[0;39m &amp#27;[2m:&amp#27;[0;39m &amp#27;[2mCredential helper/store (docker-credential-desktop) does not have credentials for https://index.docker.io/v1/&amp#27;[0;39m
&amp#27;[34m2023-06-14 18:51:06.517&amp#27;[0;39m &amp#27;[32mINFO &amp#27;[0;39m &amp#27;[2m39644&amp#27;[0;39m &amp#27;[2m---&amp#27;[0;39m &amp#27;[2m[    main]&amp#27;[0;39m &amp#27;[36m4]                                      &amp#27;[0;39m &amp#27;[2m:&amp#27;[0;39m &amp#27;[2mContainer testcontainers/ryuk:0.3.4 is starting: a1e363cfce3fc7e22ed86d001924ab7cff1d108fceae835612858fdbb8152581&amp#27;[0;39m
&amp#27;[34m2023-06-14 18:51:07.701&amp#27;[0;39m &amp#27;[32mINFO &amp#27;[0;39m &amp#27;[2m39644&amp#27;[0;39m &amp#27;[2m---&amp#27;[0;39m &amp#27;[2m[    main]&amp#27;[0;39m &amp#27;[36m4]                                      &amp#27;[0;39m &amp#27;[2m:&amp#27;[0;39m &amp#27;[2mContainer testcontainers/ryuk:0.3.4 started in PT3.78892S&amp#27;[0;39m
&amp#27;[34m2023-06-14 18:51:07.727&amp#27;[0;39m &amp#27;[32mINFO &amp#27;[0;39m &amp#27;[2m39644&amp#27;[0;39m &amp#27;[2m---&amp#27;[0;39m &amp#27;[2m[    main]&amp#27;[0;39m &amp#27;[36mRyukResourceReaper                      &amp#27;[0;39m &amp#27;[2m:&amp#27;[0;39m &amp#27;[2mRyuk started - will monitor and terminate Testcontainers containers on JVM exit&amp#27;[0;39m
&amp#27;[34m2023-06-14 18:51:07.728&amp#27;[0;39m &amp#27;[32mINFO &amp#27;[0;39m &amp#27;[2m39644&amp#27;[0;39m &amp#27;[2m---&amp#27;[0;39m &amp#27;[2m[    main]&amp#27;[0;39m &amp#27;[36mDockerClientFactory                     &amp#27;[0;39m &amp#27;[2m:&amp#27;[0;39m &amp#27;[2mChecking the system...&amp#27;[0;39m
&amp#27;[34m2023-06-14 18:51:07.732&amp#27;[0;39m &amp#27;[32mINFO &amp#27;[0;39m &amp#27;[2m39644&amp#27;[0;39m &amp#27;[2m---&amp#27;[0;39m &amp#27;[2m[    main]&amp#27;[0;39m &amp#27;[36mDockerClientFactory                     &amp#27;[0;39m &amp#27;[2m:&amp#27;[0;39m &amp#27;[2m✔︎ Docker server version should be at least 1.6.0&amp#27;[0;39m
&amp#27;[34m2023-06-14 18:51:07.734&amp#27;[0;39m &amp#27;[32mINFO &amp#27;[0;39m &amp#27;[2m39644&amp#27;[0;39m &amp#27;[2m---&amp#27;[0;39m &amp#27;[2m[    main]&amp#27;[0;39m &amp#27;[36m6-alpine]                               &amp#27;[0;39m &amp#27;[2m:&amp#27;[0;39m &amp#27;[2mCreating container for image: postgres:14.6-alpine&amp#27;[0;39m
&amp#27;[34m2023-06-14 18:51:07.825&amp#27;[0;39m &amp#27;[32mINFO &amp#27;[0;39m &amp#27;[2m39644&amp#27;[0;39m &amp#27;[2m---&amp#27;[0;39m &amp#27;[2m[    main]&amp#27;[0;39m &amp#27;[36m6-alpine]                               &amp#27;[0;39m &amp#27;[2m:&amp#27;[0;39m &amp#27;[2mContainer postgres:14.6-alpine is starting: f2ef0513ec5c112a79f349d94273126477e2cf30c904825b49ec86bbdf537dff&amp#27;[0;39m
&amp#27;[34m2023-06-14 18:51:13.350&amp#27;[0;39m &amp#27;[32mINFO &amp#27;[0;39m &amp#27;[2m39644&amp#27;[0;39m &amp#27;[2m---&amp#27;[0;39m &amp#27;[2m[    main]&amp#27;[0;39m &amp#27;[36m6-alpine]                               &amp#27;[0;39m &amp#27;[2m:&amp#27;[0;39m &amp#27;[2mContainer postgres:14.6-alpine started in PT5.616304S&amp#27;[0;39m
&amp#27;[34m2023-06-14 18:51:14.220&amp#27;[0;39m &amp#27;[32mINFO &amp#27;[0;39m &amp#27;[2m39644&amp#27;[0;39m &amp#27;[2m---&amp#27;[0;39m &amp#27;[2m[    main]&amp#27;[0;39m &amp#27;[36mHikariPool                              &amp#27;[0;39m &amp#27;[2m:&amp#27;[0;39m &amp#27;[2mHikariPool-1 - Added connection org.testcontainers.jdbc.ConnectionWrapper@69745cfe&amp#27;[0;39m
&amp#27;[34m2023-06-14 18:51:14.227&amp#27;[0;39m &amp#27;[32mINFO &amp#27;[0;39m &amp#27;[2m39644&amp#27;[0;39m &amp#27;[2m---&amp#27;[0;39m &amp#27;[2m[    main]&amp#27;[0;39m &amp#27;[36mHikariDataSource                        &amp#27;[0;39m &amp#27;[2m:&amp#27;[0;39m &amp#27;[2mHikariPool-1 - Start completed.&amp#27;[0;39m
&amp#27;[34m2023-06-14 18:51:14.334&amp#27;[0;39m &amp#27;[32mINFO &amp#27;[0;39m &amp#27;[2m39644&amp#27;[0;39m &amp#27;[2m---&amp#27;[0;39m &amp#27;[2m[    main]&amp#27;[0;39m &amp#27;[36mBaseDatabaseType                        &amp#27;[0;39m &amp#27;[2m:&amp#27;[0;39m &amp#27;[2mDatabase: jdbc:postgresql://localhost:56045/test (PostgreSQL 14.6)&amp#27;[0;39m
&amp#27;[34m2023-06-14 18:51:14.565&amp#27;[0;39m &amp#27;[32mINFO &amp#27;[0;39m &amp#27;[2m39644&amp#27;[0;39m &amp#27;[2m---&amp#27;[0;39m &amp#27;[2m[    main]&amp#27;[0;39m &amp#27;[36mDbValidate                              &amp#27;[0;39m &amp#27;[2m:&amp#27;[0;39m &amp#27;[2mSuccessfully validated 5 migrations (execution time 00:00.111s)&amp#27;[0;39m
&amp#27;[34m2023-06-14 18:51:14.659&amp#27;[0;39m &amp#27;[32mINFO &amp#27;[0;39m &amp#27;[2m39644&amp#27;[0;39m &amp#27;[2m---&amp#27;[0;39m &amp#27;[2m[    main]&amp#27;[0;39m &amp#27;[36mJdbcTableSchemaHistory                  &amp#27;[0;39m &amp#27;[2m:&amp#27;[0;39m &amp#27;[2mCreating Schema History table "public"."flyway_schema_history" ...&amp#27;[0;39m
&amp#27;[34m2023-06-14 18:51:14.833&amp#27;[0;39m &amp#27;[32mINFO &amp#27;[0;39m &amp#27;[2m39644&amp#27;[0;39m &amp#27;[2m---&amp#27;[0;39m &amp#27;[2m[    main]&amp#27;[0;39m &amp#27;[36mDbMigrate                               &amp#27;[0;39m &amp#27;[2m:&amp#27;[0;39m &amp#27;[2mCurrent version of schema "public": << Empty Schema >>&amp#27;[0;39m
&amp#27;[34m2023-06-14 18:51:14.892&amp#27;[0;39m &amp#27;[32mINFO &amp#27;[0;39m &amp#27;[2m39644&amp#27;[0;39m &amp#27;[2m---&amp#27;[0;39m &amp#27;[2m[    main]&amp#27;[0;39m &amp#27;[36mDbMigrate                               &amp#27;[0;39m &amp#27;[2m:&amp#27;[0;39m &amp#27;[2mMigrating schema "public" to version "1 - db init"&amp#27;[0;39m
&amp#27;[34m2023-06-14 18:51:15.212&amp#27;[0;39m &amp#27;[32mINFO &amp#27;[0;39m &amp#27;[2m39644&amp#27;[0;39m &amp#27;[2m---&amp#27;[0;39m &amp#27;[2m[    main]&amp#27;[0;39m &amp#27;[36mDbMigrate                               &amp#27;[0;39m &amp#27;[2m:&amp#27;[0;39m &amp#27;[2mMigrating schema "public" to version "2 - add user data"&amp#27;[0;39m
&amp#27;[34m2023-06-14 18:51:15.242&amp#27;[0;39m &amp#27;[32mINFO &amp#27;[0;39m &amp#27;[2m39644&amp#27;[0;39m &amp#27;[2m---&amp#27;[0;39m &amp#27;[2m[    main]&amp#27;[0;39m &amp#27;[36mDefaultSqlScriptExecutor                &amp#27;[0;39m &amp#27;[2m:&amp#27;[0;39m &amp#27;[2m+--------+
| setval |
+--------+
| 2      |
+--------+
&amp#27;[0;39m
&amp#27;[34m2023-06-14 18:51:15.332&amp#27;[0;39m &amp#27;[32mINFO &amp#27;[0;39m &amp#27;[2m39644&amp#27;[0;39m &amp#27;[2m---&amp#27;[0;39m &amp#27;[2m[    main]&amp#27;[0;39m &amp#27;[36mDbMigrate                               &amp#27;[0;39m &amp#27;[2m:&amp#27;[0;39m &amp#27;[2mMigrating schema "public" to version "3 - add role data"&amp#27;[0;39m
&amp#27;[34m2023-06-14 18:51:15.383&amp#27;[0;39m &amp#27;[32mINFO &amp#27;[0;39m &amp#27;[2m39644&amp#27;[0;39m &amp#27;[2m---&amp#27;[0;39m &amp#27;[2m[    main]&amp#27;[0;39m &amp#27;[36mDefaultSqlScriptExecutor                &amp#27;[0;39m &amp#27;[2m:&amp#27;[0;39m &amp#27;[2m+--------+
| setval |
+--------+
| 2      |
+--------+
&amp#27;[0;39m
&amp#27;[34m2023-06-14 18:51:15.447&amp#27;[0;39m &amp#27;[32mINFO &amp#27;[0;39m &amp#27;[2m39644&amp#27;[0;39m &amp#27;[2m---&amp#27;[0;39m &amp#27;[2m[    main]&amp#27;[0;39m &amp#27;[36mDbMigrate                               &amp#27;[0;39m &amp#27;[2m:&amp#27;[0;39m &amp#27;[2mMigrating schema "public" to version "4 - add user role data"&amp#27;[0;39m
&amp#27;[34m2023-06-14 18:51:15.532&amp#27;[0;39m &amp#27;[32mINFO &amp#27;[0;39m &amp#27;[2m39644&amp#27;[0;39m &amp#27;[2m---&amp#27;[0;39m &amp#27;[2m[    main]&amp#27;[0;39m &amp#27;[36mDbMigrate                               &amp#27;[0;39m &amp#27;[2m:&amp#27;[0;39m &amp#27;[2mMigrating schema "public" to version "5 - add customers data"&amp#27;[0;39m
&amp#27;[34m2023-06-14 18:51:15.573&amp#27;[0;39m &amp#27;[32mINFO &amp#27;[0;39m &amp#27;[2m39644&amp#27;[0;39m &amp#27;[2m---&amp#27;[0;39m &amp#27;[2m[    main]&amp#27;[0;39m &amp#27;[36mDefaultSqlScriptExecutor                &amp#27;[0;39m &amp#27;[2m:&amp#27;[0;39m &amp#27;[2m+--------+
| setval |
+--------+
| 4      |
+--------+
&amp#27;[0;39m
&amp#27;[34m2023-06-14 18:51:15.580&amp#27;[0;39m &amp#27;[32mINFO &amp#27;[0;39m &amp#27;[2m39644&amp#27;[0;39m &amp#27;[2m---&amp#27;[0;39m &amp#27;[2m[    main]&amp#27;[0;39m &amp#27;[36mDefaultSqlScriptExecutor                &amp#27;[0;39m &amp#27;[2m:&amp#27;[0;39m &amp#27;[2m+--------+
| setval |
+--------+
| 4      |
+--------+
&amp#27;[0;39m
&amp#27;[34m2023-06-14 18:51:15.621&amp#27;[0;39m &amp#27;[32mINFO &amp#27;[0;39m &amp#27;[2m39644&amp#27;[0;39m &amp#27;[2m---&amp#27;[0;39m &amp#27;[2m[    main]&amp#27;[0;39m &amp#27;[36mDbMigrate                               &amp#27;[0;39m &amp#27;[2m:&amp#27;[0;39m &amp#27;[2mSuccessfully applied 5 migrations to schema "public", now at version v5 (execution time 00:00.823s)&amp#27;[0;39m
&amp#27;[34m2023-06-14 18:51:22.649&amp#27;[0;39m &amp#27;[33mWARN &amp#27;[0;39m &amp#27;[2m39644&amp#27;[0;39m &amp#27;[2m---&amp#27;[0;39m &amp#27;[2m[    main]&amp#27;[0;39m &amp#27;[36mJpaBaseConfiguration$JpaWebConfiguration&amp#27;[0;39m &amp#27;[2m:&amp#27;[0;39m &amp#27;[2mspring.jpa.open-in-view is enabled by default. Therefore, database queries may be performed during view rendering. Explicitly configure spring.jpa.open-in-view to disable this warning&amp#27;[0;39m
&amp#27;[34m2023-06-14 18:51:39.376&amp#27;[0;39m &amp#27;[32mINFO &amp#27;[0;39m &amp#27;[2m39644&amp#27;[0;39m &amp#27;[2m---&amp#27;[0;39m &amp#27;[2m[    main]&amp#27;[0;39m &amp#27;[36mUserControllerTest                      &amp#27;[0;39m &amp#27;[2m:&amp#27;[0;39m &amp#27;[2mStarted UserControllerTest in 50.058 seconds (process running for 57.93)&amp#27;[0;39m
Hibernate: 
    select
        u1_0.id,
        u1_0.first_name,
        u1_0.last_name,
        u1_0.password,
        u1_0.username 
    from
        public.user u1_0 
    where
        u1_0.id=?
Hibernate: 
    select
        r1_0.user_id,
        r1_1.id,
        r1_1.type 
    from
        user_role r1_0 
    join
        role r1_1 
            on r1_1.id=r1_0.role_id 
    where
        r1_0.user_id=?

MockHttpServletRequest:
      HTTP Method = GET
      Request URI = /api/v1/users/1
       Parameters = {}
          Headers = []
             Body = null
    Session Attrs = {}

Handler:
             Type = com.hr.management.controller.UserController
           Method = com.hr.management.controller.UserController#findById(long)

Async:
    Async started = false
     Async result = null

Resolved Exception:
             Type = null

ModelAndView:
        View name = null
             View = null
            Model = null

FlashMap:
       Attributes = null

MockHttpServletResponse:
           Status = 200
    Error message = null
          Headers = [Vary:"Origin", "Access-Control-Request-Method", "Access-Control-Request-Headers", Content-Type:"application/json", X-Content-Type-Options:"nosniff", X-XSS-Protection:"0", Cache-Control:"no-cache, no-store, max-age=0, must-revalidate", Pragma:"no-cache", Expires:"0", X-Frame-Options:"DENY"]
     Content type = application/json
             Body = {"message":"Success","data":{"id":1,"username":"johndoe","password":"$2a$10$MMOkMuO8zVcXl8YH2GrZSOYf/9zeC/sznGHRVzAq0T8.tzet7QJWq","firstName":"John","lastName":"Doe","fullName":"John Doe","roles":[{"id":2,"type":"ROLE_ADMIN"},{"id":1,"type":"ROLE_USER"}]}}
    Forwarded URL = null
   Redirected URL = null
          Cookies = []
]]></system-out>
  </testcase>
  <testcase name="findUserById_should_returnStatusIsOk_when_OtherUser_IsFound" classname="com.hr.management.controller.UserControllerTest" time="0.088">
    <system-out><![CDATA[Hibernate: 
    select
        u1_0.id,
        u1_0.first_name,
        u1_0.last_name,
        u1_0.password,
        u1_0.username 
    from
        public.user u1_0 
    where
        u1_0.id=?
Hibernate: 
    select
        r1_0.user_id,
        r1_1.id,
        r1_1.type 
    from
        user_role r1_0 
    join
        role r1_1 
            on r1_1.id=r1_0.role_id 
    where
        r1_0.user_id=?

MockHttpServletRequest:
      HTTP Method = GET
      Request URI = /api/v1/users/2
       Parameters = {}
          Headers = []
             Body = null
    Session Attrs = {}

Handler:
             Type = com.hr.management.controller.UserController
           Method = com.hr.management.controller.UserController#findById(long)

Async:
    Async started = false
     Async result = null

Resolved Exception:
             Type = null

ModelAndView:
        View name = null
             View = null
            Model = null

FlashMap:
       Attributes = null

MockHttpServletResponse:
           Status = 200
    Error message = null
          Headers = [Vary:"Origin", "Access-Control-Request-Method", "Access-Control-Request-Headers", Content-Type:"application/json", X-Content-Type-Options:"nosniff", X-XSS-Protection:"0", Cache-Control:"no-cache, no-store, max-age=0, must-revalidate", Pragma:"no-cache", Expires:"0", X-Frame-Options:"DENY"]
     Content type = application/json
             Body = {"message":"Success","data":{"id":2,"username":"jake","password":"$2y$04$IxoCwBtRGeBixa0ERJvn9ueeomjLy4aaGPzwtbROWx7f4LA2iSCeG","firstName":"Jake","lastName":"Vando","fullName":"Jake Vando","roles":[{"id":2,"type":"ROLE_ADMIN"},{"id":1,"type":"ROLE_USER"}]}}
    Forwarded URL = null
   Redirected URL = null
          Cookies = []
]]></system-out>
  </testcase>
</testsuite>